============================================================
  Generated by:           Genus(TM) Synthesis Solution 21.14-s082_1
  Generated on:           Feb 27 2026  12:48:31 pm
  Module:                 RISC_V
  Operating conditions:   slow (balanced_tree)
  Wireload mode:          enclosed
  Area mode:              timing library
============================================================

Timing
--------

Clock  Period 
--------------
clk   10000.0 


  Cost    Critical         Violating 
 Group   Path Slack  TNS     Paths   
-------------------------------------
clk          6803.8   0.0          0 
default    No paths   0.0            
-------------------------------------
Total                 0.0          0 

Instance Count
--------------
Leaf Instance Count             122 
Physical Instance count           0 
Sequential Instance Count        30 
Combinational Instance Count     92 
Hierarchical Instance Count       0 

Area
----
Cell Area                          0.000
Physical Cell Area                 0.000
Total Cell Area (Cell+Physical)    0.000
Net Area                           0.000
Total Area (Cell+Physical+Net)     0.000

Max Fanout                         306 (debug_pc[1])
Min Fanout                         0 (n_141)
Average Fanout                     4.3
Terms to net ratio                 3.1097
Terms to instance ratio            3.9508
Runtime                            75.256678 seconds
Elapsed Runtime                    2919 seconds
Genus peak memory usage            1817.04 
Innovus peak memory usage          no_value 
Hostname                           ic312.vit.ac.in
