============================================================
  Generated by:           Genus(TM) Synthesis Solution 21.14-s082_1
  Generated on:           Feb 27 2026  12:52:18 pm
  Module:                 RISC_V
  Operating conditions:   slow (balanced_tree)
  Wireload mode:          enclosed
  Area mode:              timing library
============================================================


 Clock Description
 ----------------- 

 Clock                             Clock    Source     No of   
 Name    Period   Rise    Fall     Domain  Pin/Port  Registers 
---------------------------------------------------------------
 clk     10000.0   0.0   5000.0   domain_1   clk            30 

 Clock Network Latency / Setup Uncertainty
 ----------------------------------------- 

        Network   Network   Source   Source     Setup        Setup    
Clock   Latency   Latency  Latency  Latency  Uncertainty  Uncertainty 
 Name    Rise      Fall      Rise     Fall       Rise         Fall    
----------------------------------------------------------------------
clk         0.0       0.0      0.0      0.0          0.0          0.0 

 Clock Relationship (with uncertainty & latency)
 ----------------------------------------------- 

  From    To     R->R     R->F     F->R      F->F  
---------------------------------------------------
  clk    clk   10000.0   5000.0   5000.0   10000.0 
