###############################################################
#  Generated by:      Cadence Innovus 21.15-s110_1
#  OS:                Linux x86_64(Host ID ic312.vit.ac.in)
#  Generated on:      Fri Feb 27 16:23:18 2026
#  Design:            RISC_V
#  Command:           verify_drc
###############################################################
#set_verify_drc_mode -area {0 0 0 0} -check_ndr_spacing auto -check_only default -check_same_via_cell true -disable_rules "" -exclude_pg_net false -ignore_cell_blockage false -ignore_trial_route false -layer_range {} -limit 1000 -report RISC_V.drc.rpt -use_min_spacing_on_block_obs auto

MAR: ( Minimum Area ) Regular Wire of Net debug_pc[3]  ( Metal2 )
Bounds : ( 39.235, 39.770 ) ( 39.365, 39.840 )


SPACING: ( ParallelRunLength Spacing ) Regular Wire of Net debug_pc[3] & Pin of Cell Program_Counter_pc_reg[3]  ( Metal1 )
Bounds : ( 39.235, 39.750 ) ( 39.365, 39.770 )


SPACING: ( ParallelRunLength Spacing ) Regular Wire of Net n_1 & Pin of Cell Program_Counter_pc_reg[3]  ( Metal1 )
Bounds : ( 39.635, 39.750 ) ( 39.715, 39.770 )


MAR: ( Minimum Area ) Regular Wire of Net reset  ( Metal2 )
Bounds : ( 27.835, 39.770 ) ( 27.965, 39.840 )


MAR: ( Minimum Area ) Regular Wire of Net debug_pc[30]  ( Metal2 )
Bounds : ( 28.635, 39.770 ) ( 28.765, 39.840 )


MAR: ( Minimum Area ) Regular Wire of Net reset  ( Metal2 )
Bounds : ( 31.435, 38.440 ) ( 31.565, 38.510 )


MAR: ( Minimum Area ) Regular Wire of Net debug_next_pc[2]  ( Metal2 )
Bounds : ( 34.435, 38.630 ) ( 34.565, 38.700 )


MAR: ( Minimum Area ) Regular Wire of Net debug_pc[3]  ( Metal2 )
Bounds : ( 38.635, 38.440 ) ( 38.765, 38.510 )


MAR: ( Minimum Area ) Regular Wire of Net debug_pc[30]  ( Metal3 )
Bounds : ( 28.635, 39.770 ) ( 28.765, 39.840 )


MAR: ( Minimum Area ) Regular Wire of Net debug_pc[3]  ( Metal3 )
Bounds : ( 38.635, 38.440 ) ( 38.765, 38.510 )


SHORT: ( Cut Short ) Regular Wire of Net n_4 & Regular Wire of Net debug_next_pc[3]  ( Via1 )
Bounds : ( 35.665, 38.630 ) ( 35.735, 38.700 )


MINHOLE: ( MinHole ) Regular Wire of Net n_149  ( Metal1 )
Bounds : ( 28.960, 39.525 ) ( 29.355, 39.585 )


SHORT: ( Metal Short ) Regular Wire of Net n_136 & Pin of Cell g117905__6260  ( Metal1 )
Bounds : ( 28.060, 39.770 ) ( 28.165, 39.770 )


SHORT: ( Metal Short ) Regular Wire of Net n_136 & Regular Wire of Net debug_next_pc[30]  ( Metal1 )
Bounds : ( 28.235, 39.775 ) ( 28.365, 39.835 )


SHORT: ( Metal Short ) Regular Wire of Net n_136 & Regular Wire of Net debug_pc[30]  ( Metal1 )
Bounds : ( 28.635, 39.775 ) ( 28.765, 39.835 )


SHORT: ( Metal Short ) Regular Wire of Net n_136 & Pin of Cell g117907__8428  ( Metal1 )
Bounds : ( 28.900, 39.775 ) ( 28.960, 39.835 )


SHORT: ( Metal Short ) Regular Wire of Net n_149 & Pin of Cell g117907__8428  ( Metal1 )
Bounds : ( 29.060, 39.625 ) ( 29.255, 39.645 )


SHORT: ( Metal Short ) Regular Wire of Net n_4 & Regular Wire of Net debug_next_pc[3]  ( Metal1 )
Bounds : ( 35.635, 38.630 ) ( 35.765, 38.700 )


SHORT: ( Metal Short ) Regular Wire of Net n_4 & Pin of Cell g118036__6417  ( Metal1 )
Bounds : ( 36.110, 38.635 ) ( 36.170, 38.670 )


SHORT: ( Metal Short ) Regular Wire of Net debug_pc[2] & Pin of Cell g118036__6417  ( Metal1 )
Bounds : ( 36.460, 38.445 ) ( 36.520, 38.505 )


SHORT: ( Metal Short ) Regular Wire of Net debug_next_pc[3] & Regular Wire of Net n_4  ( Metal2 )
Bounds : ( 35.665, 38.600 ) ( 35.735, 38.730 )


SHORT: ( Metal Short ) Regular Wire of Net debug_pc[30] & Regular Wire of Net reset  ( Metal3 )
Bounds : ( 28.635, 39.770 ) ( 28.765, 39.840 )


EndOfLine: ( EndOfLine Spacing ) Pin of Cell g118036__6417 & Pin of Cell g118036__6417  ( Metal1 )
Bounds : ( 35.760, 38.510 ) ( 35.835, 38.530 )


SPACING: ( ParallelRunLength Spacing ) Regular Wire of Net n_147 & Pin of Cell g2  ( Metal1 )
Bounds : ( 26.920, 38.510 ) ( 26.965, 38.530 )


SPACING: ( ParallelRunLength Spacing ) Regular Wire of Net n_136 & Pin of Cell g117905__6260  ( Metal1 )
Bounds : ( 28.080, 39.840 ) ( 28.160, 39.870 )


SPACING: ( ParallelRunLength Spacing ) Regular Wire of Net n_136  ( Metal1 )
Bounds : ( 28.165, 39.770 ) ( 28.235, 39.775 )


SPACING: ( ParallelRunLength Spacing ) Regular Wire of Net debug_next_pc[2] & Pin of Cell g118041__6260  ( Metal1 )
Bounds : ( 34.560, 38.590 ) ( 34.565, 38.630 )


SPACING: ( ParallelRunLength Spacing ) Regular Wire of Net n_4 & Pin of Cell g118036__6417  ( Metal1 )
Bounds : ( 35.760, 38.590 ) ( 36.520, 38.635 )


SPACING: ( ParallelRunLength Spacing ) Regular Wire of Net debug_pc[2] & Pin of Cell g118036__6417  ( Metal1 )
Bounds : ( 35.835, 38.430 ) ( 36.240, 38.445 )


SPACING: ( ParallelRunLength Spacing ) Regular Wire of Net debug_pc[2] & Pin of Cell g118036__6417  ( Metal1 )
Bounds : ( 35.835, 38.505 ) ( 36.460, 38.530 )


MAR: ( Minimum Area ) Regular Wire of Net n_8  ( Metal2 )
Bounds : ( 39.435, 32.930 ) ( 39.565, 33.000 )


MAR: ( Minimum Area ) Regular Wire of Net reset  ( Metal2 )
Bounds : ( 40.035, 28.180 ) ( 40.165, 28.250 )


MAR: ( Minimum Area ) Regular Wire of Net debug_next_pc[5]  ( Metal2 )
Bounds : ( 40.435, 28.180 ) ( 40.565, 28.250 )


MAR: ( Minimum Area ) Regular Wire of Net debug_next_pc[5]  ( Metal3 )
Bounds : ( 40.435, 28.180 ) ( 40.565, 28.250 )


SHORT: ( Cut Short ) Regular Wire of Net n_168 & Regular Wire of Net n_12  ( Via1 )
Bounds : ( 40.665, 31.600 ) ( 40.735, 31.670 )


MINHOLE: ( MinHole ) Regular Wire of Net n_12  ( Metal1 )
Bounds : ( 40.540, 29.510 ) ( 40.635, 29.515 )


SHORT: ( Metal Short ) Regular Wire of Net n_5 & Pin of Cell g118035__7410  ( Metal1 )
Bounds : ( 39.060, 33.310 ) ( 39.140, 33.335 )


SHORT: ( Metal Short ) Regular Wire of Net debug_pc[4] & Pin of Cell Program_Counter_pc_reg[4]  ( Metal1 )
Bounds : ( 39.235, 35.090 ) ( 39.305, 35.090 )


SHORT: ( Metal Short ) Regular Wire of Net debug_pc[4] & Pin of Cell g118035__7410  ( Metal1 )
Bounds : ( 39.300, 32.930 ) ( 39.360, 33.000 )


SHORT: ( Metal Short ) Regular Wire of Net n_13 & Pin of Cell g118026__9945  ( Metal1 )
Bounds : ( 40.460, 27.990 ) ( 40.520, 28.060 )


SHORT: ( Metal Short ) Regular Wire of Net n_168 & Regular Wire of Net n_12  ( Metal1 )
Bounds : ( 40.635, 31.600 ) ( 40.765, 31.670 )


SHORT: ( Metal Short ) Regular Wire of Net n_12 & Pin of Cell g118030__2883  ( Metal1 )
Bounds : ( 40.840, 31.605 ) ( 40.900, 31.665 )


SHORT: ( Metal Short ) Regular Wire of Net n_13 & Regular Wire of Net debug_next_pc[5]  ( Metal2 )
Bounds : ( 40.465, 28.150 ) ( 40.535, 28.280 )


SHORT: ( Metal Short ) Regular Wire of Net n_168 & Regular Wire of Net n_12  ( Metal2 )
Bounds : ( 40.665, 31.570 ) ( 40.735, 31.700 )


SPACING: ( ParallelRunLength Spacing ) Regular Wire of Net n_5 & Pin of Cell g118035__7410  ( Metal1 )
Bounds : ( 39.060, 32.810 ) ( 39.140, 32.835 )


SPACING: ( ParallelRunLength Spacing ) Regular Wire of Net debug_pc[4] & Pin of Cell Program_Counter_pc_reg[4]  ( Metal1 )
Bounds : ( 39.525, 35.085 ) ( 39.730, 35.110 )


SPACING: ( ParallelRunLength Spacing ) Regular Wire of Net n_1 & Pin of Cell g118042__5107  ( Metal1 )
Bounds : ( 39.565, 36.595 ) ( 39.575, 36.610 )


SPACING: ( ParallelRunLength Spacing ) Regular Wire of Net n_7 & Pin of Cell Program_Counter_pc_reg[4]  ( Metal1 )
Bounds : ( 39.835, 35.085 ) ( 40.115, 35.110 )


SPACING: ( ParallelRunLength Spacing ) Regular Wire of Net n_12  ( Metal1 )
Bounds : ( 40.540, 29.510 ) ( 40.635, 29.515 )


SPACING: ( ParallelRunLength Spacing ) Regular Wire of Net n_13  ( Metal1 )
Bounds : ( 40.565, 31.980 ) ( 40.605, 32.050 )


MAR: ( Minimum Area ) Regular Wire of Net debug_next_pc[2]  ( Metal2 )
Bounds : ( 32.435, 36.540 ) ( 32.565, 36.610 )


MAR: ( Minimum Area ) Regular Wire of Net n_141  ( Metal2 )
Bounds : ( 33.435, 36.540 ) ( 33.565, 36.610 )


MAR: ( Minimum Area ) Regular Wire of Net debug_pc[2]  ( Metal2 )
Bounds : ( 34.435, 38.060 ) ( 34.565, 38.130 )


MAR: ( Minimum Area ) Regular Wire of Net n_168  ( Metal2 )
Bounds : ( 36.635, 33.120 ) ( 36.765, 33.190 )


MAR: ( Minimum Area ) Regular Wire of Net n_7  ( Metal2 )
Bounds : ( 37.235, 33.120 ) ( 37.365, 33.190 )


MAR: ( Minimum Area ) Regular Wire of Net n_1  ( Metal2 )
Bounds : ( 37.235, 38.250 ) ( 37.365, 38.320 )


MAR: ( Minimum Area ) Regular Wire of Net reset  ( Metal2 )
Bounds : ( 38.235, 36.350 ) ( 38.365, 36.420 )


MAR: ( Minimum Area ) Regular Wire of Net n_8  ( Metal2 )
Bounds : ( 38.435, 36.540 ) ( 38.565, 36.610 )


MAR: ( Minimum Area ) Regular Wire of Net debug_next_pc[2]  ( Metal3 )
Bounds : ( 32.435, 36.540 ) ( 32.565, 36.610 )


MAR: ( Minimum Area ) Regular Wire of Net n_168  ( Metal3 )
Bounds : ( 36.635, 33.120 ) ( 36.765, 33.190 )


MAR: ( Minimum Area ) Regular Wire of Net n_8  ( Metal3 )
Bounds : ( 38.435, 36.540 ) ( 38.565, 36.610 )


SHORT: ( Metal Short ) Regular Wire of Net reset & Pin of Cell g118041__6260  ( Metal1 )
Bounds : ( 35.260, 38.255 ) ( 35.340, 38.315 )


SHORT: ( Metal Short ) Regular Wire of Net n_141 & Regular Wire of Net n_7  ( Metal2 )
Bounds : ( 37.265, 33.090 ) ( 37.335, 33.220 )


SHORT: ( Metal Short ) Regular Wire of Net n_141 & Regular Wire of Net debug_next_pc[2]  ( Metal3 )
Bounds : ( 32.435, 36.540 ) ( 32.565, 36.610 )


SPACING: ( ParallelRunLength Spacing ) Regular Wire of Net reset & Pin of Cell g118041__6260  ( Metal1 )
Bounds : ( 34.340, 38.315 ) ( 35.040, 38.350 )


SPACING: ( ParallelRunLength Spacing ) Regular Wire of Net reset & Pin of Cell g118041__6260  ( Metal1 )
Bounds : ( 34.460, 38.250 ) ( 34.605, 38.255 )


SPACING: ( ParallelRunLength Spacing ) Regular Wire of Net debug_pc[2] & Pin of Cell g118041__6260  ( Metal1 )
Bounds : ( 34.540, 38.130 ) ( 34.565, 38.170 )


SPACING: ( ParallelRunLength Spacing ) Regular Wire of Net reset & Pin of Cell g118041__6260  ( Metal1 )
Bounds : ( 34.705, 38.250 ) ( 35.260, 38.255 )


SPACING: ( ParallelRunLength Spacing ) Regular Wire of Net reset & Pin of Cell g118036__6417  ( Metal1 )
Bounds : ( 35.540, 38.320 ) ( 35.565, 38.350 )


SPACING: ( ParallelRunLength Spacing ) Regular Wire of Net n_4 & Pin of Cell g118036__6417  ( Metal1 )
Bounds : ( 35.740, 38.130 ) ( 35.765, 38.170 )


SPACING: ( ParallelRunLength Spacing ) Regular Wire of Net debug_pc[2] & Pin of Cell Program_Counter_pc_reg[2]  ( Metal1 )
Bounds : ( 35.835, 36.330 ) ( 35.965, 36.350 )


MAR: ( Minimum Area ) Regular Wire of Net debug_next_pc[30]  ( Metal2 )
Bounds : ( 26.035, 36.540 ) ( 26.165, 36.610 )


MAR: ( Minimum Area ) Regular Wire of Net n_147  ( Metal2 )
Bounds : ( 31.635, 38.250 ) ( 31.765, 38.320 )


MAR: ( Minimum Area ) Regular Wire of Net debug_next_pc[30]  ( Metal3 )
Bounds : ( 26.035, 36.540 ) ( 26.165, 36.610 )


SHORT: ( Metal Short ) Regular Wire of Net n_149 & Pin of Cell g118162  ( Metal1 )
Bounds : ( 29.835, 38.085 ) ( 30.215, 38.125 )


SHORT: ( Metal Short ) Regular Wire of Net n_149 & Pin of Cell g118162  ( Metal1 )
Bounds : ( 29.835, 38.085 ) ( 29.965, 38.130 )


SHORT: ( Metal Short ) Regular Wire of Net n_149 & Pin of Cell g118162  ( Metal1 )
Bounds : ( 30.155, 38.065 ) ( 30.215, 38.125 )


SHORT: ( Metal Short ) Regular Wire of Net n_141 & Regular Wire of Net clk  ( Metal2 )
Bounds : ( 27.065, 36.320 ) ( 27.135, 36.640 )


SPACING: ( ParallelRunLength Spacing ) Regular Wire of Net debug_pc[30] & Pin of Cell Program_Counter_pc_reg[30]  ( Metal1 )
Bounds : ( 29.435, 36.330 ) ( 29.565, 36.350 )


SPACING: ( ParallelRunLength Spacing ) Regular Wire of Net n_135 & Pin of Cell Program_Counter_pc_reg[30]  ( Metal1 )
Bounds : ( 29.635, 36.330 ) ( 29.915, 36.355 )


MAR: ( Minimum Area ) Regular Wire of Net n_22  ( Metal2 )
Bounds : ( 32.435, 29.700 ) ( 32.565, 29.770 )


MAR: ( Minimum Area ) Regular Wire of Net reset  ( Metal2 )
Bounds : ( 33.235, 29.510 ) ( 33.365, 29.580 )


MAR: ( Minimum Area ) Regular Wire of Net debug_next_pc[7]  ( Metal2 )
Bounds : ( 33.635, 29.510 ) ( 33.765, 29.580 )


MAR: ( Minimum Area ) Regular Wire of Net n_17  ( Metal2 )
Bounds : ( 35.435, 31.410 ) ( 35.565, 31.480 )


MAR: ( Minimum Area ) Regular Wire of Net debug_next_pc[5]  ( Metal2 )
Bounds : ( 36.235, 29.700 ) ( 36.365, 29.770 )


MAR: ( Minimum Area ) Regular Wire of Net n_167  ( Metal2 )
Bounds : ( 36.235, 31.220 ) ( 36.365, 31.290 )


MAR: ( Minimum Area ) Regular Wire of Net debug_next_pc[7]  ( Metal3 )
Bounds : ( 33.635, 29.510 ) ( 33.765, 29.580 )


MAR: ( Minimum Area ) Regular Wire of Net n_17  ( Metal3 )
Bounds : ( 35.435, 31.410 ) ( 35.565, 31.480 )


SHORT: ( Metal Short ) Regular Wire of Net n_23 & Pin of Cell g118020__5115  ( Metal1 )
Bounds : ( 32.560, 29.515 ) ( 32.765, 29.575 )


SHORT: ( Metal Short ) Regular Wire of Net n_23 & Regular Wire of Net reset  ( Metal1 )
Bounds : ( 33.235, 29.515 ) ( 33.365, 29.575 )


SHORT: ( Metal Short ) Regular Wire of Net n_23 & Pin of Cell g118016__6131  ( Metal1 )
Bounds : ( 33.460, 29.510 ) ( 33.565, 29.510 )


SHORT: ( Metal Short ) Regular Wire of Net n_12 & Pin of Cell g118181  ( Metal1 )
Bounds : ( 37.635, 31.245 ) ( 38.215, 31.285 )


SHORT: ( Metal Short ) Regular Wire of Net n_12 & Pin of Cell g118181  ( Metal1 )
Bounds : ( 37.635, 31.245 ) ( 37.765, 31.290 )


SHORT: ( Metal Short ) Regular Wire of Net n_12 & Pin of Cell g118181  ( Metal1 )
Bounds : ( 38.155, 31.225 ) ( 38.215, 31.285 )


SHORT: ( Metal Short ) Regular Wire of Net n_12 & Regular Wire of Net n_168  ( Metal1 )
Bounds : ( 38.435, 31.225 ) ( 38.565, 31.285 )


SHORT: ( Metal Short ) Regular Wire of Net n_12 & Pin of Cell g118181  ( Metal1 )
Bounds : ( 38.435, 31.240 ) ( 38.770, 31.285 )


SHORT: ( Metal Short ) Regular Wire of Net reset & Regular Wire of Net debug_next_pc[7]  ( Metal3 )
Bounds : ( 33.635, 29.510 ) ( 33.765, 29.580 )


SPACING: ( ParallelRunLength Spacing ) Regular Wire of Net n_23 & Pin of Cell g118016__6131  ( Metal1 )
Bounds : ( 33.480, 29.580 ) ( 33.560, 29.610 )


SPACING: ( ParallelRunLength Spacing ) Regular Wire of Net n_12 & Pin of Cell g118181  ( Metal1 )
Bounds : ( 37.595, 31.220 ) ( 37.635, 31.245 )


MAR: ( Minimum Area ) Regular Wire of Net debug_next_pc[6]  ( Metal2 )
Bounds : ( 34.235, 27.990 ) ( 34.365, 28.060 )


MAR: ( Minimum Area ) Regular Wire of Net debug_next_pc[6]  ( Metal2 )
Bounds : ( 37.435, 26.090 ) ( 37.565, 26.160 )


MAR: ( Minimum Area ) Regular Wire of Net n_167  ( Metal2 )
Bounds : ( 38.035, 25.900 ) ( 38.165, 25.970 )


MAR: ( Minimum Area ) Regular Wire of Net debug_next_pc[6]  ( Metal3 )
Bounds : ( 34.235, 27.990 ) ( 34.365, 28.060 )


MAR: ( Minimum Area ) Regular Wire of Net n_167  ( Metal3 )
Bounds : ( 38.035, 25.900 ) ( 38.165, 25.970 )


SHORT: ( Cut Short ) Regular Wire of Net clk & Regular Wire of Net n_141  ( Via1 )
Bounds : ( 35.265, 27.990 ) ( 35.335, 28.060 )


SHORT: ( Metal Short ) Regular Wire of Net clk & Regular Wire of Net debug_next_pc[6]  ( Metal1 )
Bounds : ( 34.235, 27.995 ) ( 34.365, 28.055 )


SHORT: ( Metal Short ) Regular Wire of Net clk & Pin of Cell Program_Counter_pc_reg[6]  ( Metal1 )
Bounds : ( 34.235, 28.015 ) ( 34.425, 28.055 )


SHORT: ( Metal Short ) Regular Wire of Net n_141 & Regular Wire of Net clk  ( Metal1 )
Bounds : ( 35.235, 27.990 ) ( 35.365, 28.060 )


SHORT: ( Metal Short ) Regular Wire of Net clk & Pin of Cell Program_Counter_pc_reg[6]  ( Metal1 )
Bounds : ( 35.235, 28.010 ) ( 35.565, 28.055 )


SHORT: ( Metal Short ) Regular Wire of Net clk & Pin of Cell Program_Counter_pc_reg[6]  ( Metal1 )
Bounds : ( 35.435, 28.010 ) ( 35.565, 28.060 )


SHORT: ( Metal Short ) Regular Wire of Net n_18 & Pin of Cell g118021__4733  ( Metal1 )
Bounds : ( 37.460, 26.285 ) ( 37.520, 26.345 )


SHORT: ( Metal Short ) Regular Wire of Net n_18 & Pin of Cell g118025__6161  ( Metal1 )
Bounds : ( 37.860, 26.285 ) ( 37.940, 26.345 )


SHORT: ( Metal Short ) Regular Wire of Net n_18 & Pin of Cell g118025__6161  ( Metal1 )
Bounds : ( 38.100, 26.285 ) ( 38.160, 26.345 )


SHORT: ( Metal Short ) Regular Wire of Net clk & Regular Wire of Net n_141  ( Metal2 )
Bounds : ( 35.265, 27.960 ) ( 35.335, 28.090 )


SPACING: ( ParallelRunLength Spacing ) Regular Wire of Net debug_pc[6] & Pin of Cell Program_Counter_pc_reg[6]  ( Metal1 )
Bounds : ( 37.635, 28.250 ) ( 37.765, 28.270 )


SPACING: ( ParallelRunLength Spacing ) Regular Wire of Net n_167 & Pin of Cell g118025__6161  ( Metal1 )
Bounds : ( 38.160, 25.845 ) ( 38.165, 25.900 )


SPACING: ( ParallelRunLength Spacing ) Regular Wire of Net n_17  ( Metal1 )
Bounds : ( 38.565, 26.280 ) ( 38.600, 26.350 )


MAR: ( Minimum Area ) Regular Wire of Net debug_next_pc[7]  ( Metal2 )
Bounds : ( 28.435, 31.410 ) ( 28.565, 31.480 )


MAR: ( Minimum Area ) Regular Wire of Net clk  ( Metal3 )
Bounds : ( 27.035, 31.410 ) ( 27.165, 31.480 )


MAR: ( Minimum Area ) Regular Wire of Net n_166  ( Metal3 )
Bounds : ( 31.835, 29.700 ) ( 31.965, 29.770 )


MINHOLE: ( MinHole ) Regular Wire of Net n_29  ( Metal1 )
Bounds : ( 28.340, 29.510 ) ( 28.435, 29.515 )


SHORT: ( Metal Short ) Regular Wire of Net debug_next_pc[7] & Pin of Cell Program_Counter_pc_reg[7]  ( Metal1 )
Bounds : ( 28.435, 31.415 ) ( 28.565, 31.475 )


SHORT: ( Metal Short ) Regular Wire of Net n_141 & Pin of Cell Program_Counter_pc_reg[7]  ( Metal1 )
Bounds : ( 28.435, 31.435 ) ( 28.625, 31.475 )


SHORT: ( Metal Short ) Regular Wire of Net n_166 & Pin of Cell g118020__5115  ( Metal1 )
Bounds : ( 31.660, 29.705 ) ( 31.740, 29.765 )


SHORT: ( Metal Short ) Regular Wire of Net n_166 & Regular Wire of Net n_22  ( Metal3 )
Bounds : ( 31.835, 29.700 ) ( 31.965, 29.770 )


SPACING: ( ParallelRunLength Spacing ) Regular Wire of Net debug_pc[8] & Pin of Cell Program_Counter_pc_reg[8]  ( Metal1 )
Bounds : ( 27.435, 29.490 ) ( 27.565, 29.510 )


SPACING: ( ParallelRunLength Spacing ) Regular Wire of Net n_29  ( Metal1 )
Bounds : ( 28.340, 29.510 ) ( 28.435, 29.515 )


SPACING: ( ParallelRunLength Spacing ) Regular Wire of Net n_166 & Pin of Cell g118023  ( Metal1 )
Bounds : ( 31.070, 29.680 ) ( 31.150, 29.705 )


SPACING: ( ParallelRunLength Spacing ) Regular Wire of Net debug_pc[7] & Pin of Cell Program_Counter_pc_reg[7]  ( Metal1 )
Bounds : ( 31.725, 31.665 ) ( 31.930, 31.690 )


SPACING: ( ParallelRunLength Spacing ) Regular Wire of Net n_166 & Pin of Cell g118020__5115  ( Metal1 )
Bounds : ( 31.960, 29.265 ) ( 31.965, 29.320 )


MAR: ( Minimum Area ) Regular Wire of Net n_26  ( Metal2 )
Bounds : ( 27.635, 25.900 ) ( 27.765, 25.970 )


MAR: ( Minimum Area ) Regular Wire of Net n_21  ( Metal2 )
Bounds : ( 30.235, 27.990 ) ( 30.365, 28.060 )


MAR: ( Minimum Area ) Regular Wire of Net n_21  ( Metal2 )
Bounds : ( 32.235, 26.090 ) ( 32.365, 26.160 )


MAR: ( Minimum Area ) Regular Wire of Net n_26  ( Metal3 )
Bounds : ( 27.635, 25.900 ) ( 27.765, 25.970 )


MAR: ( Minimum Area ) Regular Wire of Net n_22  ( Metal3 )
Bounds : ( 31.635, 27.135 ) ( 31.765, 27.205 )


MINHOLE: ( MinHole ) Regular Wire of Net n_24  ( Metal1 )
Bounds : ( 27.960, 28.435 ) ( 28.355, 28.495 )


SHORT: ( Metal Short ) Regular Wire of Net n_30 & Pin of Cell g118011__2802  ( Metal1 )
Bounds : ( 27.060, 28.250 ) ( 27.165, 28.250 )


SHORT: ( Metal Short ) Regular Wire of Net n_30 & Regular Wire of Net debug_next_pc[8]  ( Metal1 )
Bounds : ( 27.235, 28.185 ) ( 27.365, 28.245 )


SHORT: ( Metal Short ) Regular Wire of Net debug_pc[8] & Pin of Cell g118015__8246  ( Metal1 )
Bounds : ( 27.435, 28.185 ) ( 27.740, 28.245 )


SHORT: ( Metal Short ) Regular Wire of Net n_30 & Pin of Cell g118015__8246  ( Metal1 )
Bounds : ( 27.900, 28.185 ) ( 27.960, 28.245 )


SHORT: ( Metal Short ) Regular Wire of Net n_24 & Pin of Cell g118015__8246  ( Metal1 )
Bounds : ( 28.060, 28.375 ) ( 28.255, 28.395 )


SHORT: ( Metal Short ) Regular Wire of Net n_22 & Pin of Cell g118022__7482  ( Metal1 )
Bounds : ( 31.305, 28.185 ) ( 31.365, 28.245 )


SPACING: ( ParallelRunLength Spacing ) Regular Wire of Net n_30 & Pin of Cell g118011__2802  ( Metal1 )
Bounds : ( 27.080, 28.150 ) ( 27.160, 28.180 )


SPACING: ( ParallelRunLength Spacing ) Regular Wire of Net debug_next_pc[8] & Regular Wire of Net n_30  ( Metal1 )
Bounds : ( 27.165, 28.245 ) ( 27.235, 28.250 )


SPACING: ( ParallelRunLength Spacing ) Regular Wire of Net n_38 & Regular Wire of Net n_29  ( Metal1 )
Bounds : ( 28.430, 26.280 ) ( 28.435, 26.290 )


SPACING: ( ParallelRunLength Spacing ) Regular Wire of Net n_22 & Regular Wire of Net n_24  ( Metal1 )
Bounds : ( 29.870, 28.245 ) ( 30.565, 28.325 )


SHORT: ( Metal Short ) Regular Wire of Net n_23 & Pin of Cell g118020__5115  ( Metal1 )
Bounds : ( 32.230, 29.525 ) ( 32.765, 29.575 )


SHORT: ( Metal Short ) Regular Wire of Net n_23 & Pin of Cell g118020__5115  ( Metal1 )
Bounds : ( 32.355, 29.515 ) ( 32.415, 29.575 )


MAR: ( Minimum Area ) Regular Wire of Net debug_next_pc[26]  ( Metal2 )
Bounds : ( 10.835, 39.960 ) ( 10.965, 40.030 )


MAR: ( Minimum Area ) Regular Wire of Net reset  ( Metal2 )
Bounds : ( 11.435, 38.440 ) ( 11.565, 38.510 )


MAR: ( Minimum Area ) Regular Wire of Net debug_next_pc[26]  ( Metal2 )
Bounds : ( 11.835, 38.440 ) ( 11.965, 38.510 )


MAR: ( Minimum Area ) Regular Wire of Net debug_pc[26]  ( Metal2 )
Bounds : ( 12.235, 38.440 ) ( 12.365, 38.510 )


MAR: ( Minimum Area ) Regular Wire of Net debug_pc[26]  ( Metal2 )
Bounds : ( 14.235, 39.770 ) ( 14.365, 39.840 )


MAR: ( Minimum Area ) Regular Wire of Net reset  ( Metal2 )
Bounds : ( 23.035, 39.770 ) ( 23.165, 39.840 )


MAR: ( Minimum Area ) Regular Wire of Net debug_next_pc[26]  ( Metal3 )
Bounds : ( 10.835, 39.960 ) ( 10.965, 40.030 )


MAR: ( Minimum Area ) Regular Wire of Net reset  ( Metal3 )
Bounds : ( 11.435, 38.440 ) ( 11.565, 38.510 )


MAR: ( Minimum Area ) Regular Wire of Net debug_pc[26]  ( Metal3 )
Bounds : ( 12.235, 38.440 ) ( 12.365, 38.510 )


SHORT: ( Metal Short ) Regular Wire of Net reset & Regular Wire of Net debug_next_pc[27]  ( Metal1 )
Bounds : ( 19.035, 39.775 ) ( 19.165, 39.835 )


SHORT: ( Metal Short ) Regular Wire of Net n_121 & Pin of Cell g117919__5122  ( Metal1 )
Bounds : ( 19.060, 39.965 ) ( 19.120, 40.025 )


SHORT: ( Metal Short ) Regular Wire of Net debug_pc[27] & Pin of Cell g117922__8246  ( Metal1 )
Bounds : ( 19.100, 38.440 ) ( 19.160, 38.510 )


SHORT: ( Metal Short ) Regular Wire of Net n_131 & Pin of Cell g117908__5526  ( Metal1 )
Bounds : ( 23.460, 39.965 ) ( 23.520, 40.025 )


SHORT: ( Metal Short ) Regular Wire of Net debug_pc[29] & Pin of Cell Program_Counter_pc_reg[29]  ( Metal1 )
Bounds : ( 24.035, 38.510 ) ( 24.105, 38.510 )


SHORT: ( Metal Short ) Regular Wire of Net debug_next_pc[26] & Regular Wire of Net reset  ( Metal3 )
Bounds : ( 11.435, 38.440 ) ( 11.565, 38.510 )


SPACING: ( ParallelRunLength Spacing ) Regular Wire of Net n_153 & Pin of Cell g117927__5115  ( Metal1 )
Bounds : ( 12.560, 38.700 ) ( 12.565, 38.755 )


SPACING: ( ParallelRunLength Spacing ) Regular Wire of Net debug_pc[26] & Pin of Cell Program_Counter_pc_reg[26]  ( Metal1 )
Bounds : ( 14.235, 39.750 ) ( 14.365, 39.770 )


SPACING: ( ParallelRunLength Spacing ) Regular Wire of Net debug_next_pc[27]  ( Metal1 )
Bounds : ( 18.860, 39.770 ) ( 19.035, 39.775 )


SPACING: ( ParallelRunLength Spacing ) Regular Wire of Net reset & Pin of Cell g117919__5122  ( Metal1 )
Bounds : ( 18.880, 39.835 ) ( 18.960, 39.870 )


SPACING: ( ParallelRunLength Spacing ) Regular Wire of Net n_152 & Pin of Cell g117922__8246  ( Metal1 )
Bounds : ( 19.160, 38.700 ) ( 19.165, 38.755 )


SPACING: ( ParallelRunLength Spacing ) Regular Wire of Net debug_pc[29] & Pin of Cell Program_Counter_pc_reg[29]  ( Metal1 )
Bounds : ( 24.325, 38.505 ) ( 24.530, 38.530 )


MAR: ( Minimum Area ) Regular Wire of Net clk  ( Metal2 )
Bounds : ( 20.235, 38.250 ) ( 20.365, 38.320 )


MAR: ( Minimum Area ) Regular Wire of Net n_149  ( Metal2 )
Bounds : ( 21.435, 36.540 ) ( 21.565, 36.610 )


MAR: ( Minimum Area ) Regular Wire of Net n_149  ( Metal3 )
Bounds : ( 21.435, 36.540 ) ( 21.565, 36.610 )


SHORT: ( Cut Short ) Regular Wire of Net n_130 & Regular Wire of Net clk  ( Via1 )
Bounds : ( 25.265, 36.540 ) ( 25.335, 36.610 )


SHORT: ( Metal Short ) Regular Wire of Net n_150 & Pin of Cell g118163  ( Metal1 )
Bounds : ( 21.835, 36.210 ) ( 22.965, 36.225 )


SHORT: ( Metal Short ) Regular Wire of Net n_150 & Pin of Cell g118163  ( Metal1 )
Bounds : ( 21.835, 36.210 ) ( 21.965, 36.230 )


SHORT: ( Metal Short ) Regular Wire of Net n_150 & Pin of Cell g118163  ( Metal1 )
Bounds : ( 22.085, 36.165 ) ( 22.145, 36.225 )


SHORT: ( Metal Short ) Regular Wire of Net n_150 & Pin of Cell g118163  ( Metal1 )
Bounds : ( 22.495, 36.165 ) ( 22.555, 36.225 )


SHORT: ( Metal Short ) Regular Wire of Net n_150 & Pin of Cell g118163  ( Metal1 )
Bounds : ( 22.835, 36.210 ) ( 22.965, 36.230 )


SHORT: ( Metal Short ) Regular Wire of Net n_150 & Pin of Cell g118163  ( Metal1 )
Bounds : ( 22.905, 36.160 ) ( 22.965, 36.230 )


SHORT: ( Metal Short ) Regular Wire of Net n_130 & Pin of Cell g118163  ( Metal1 )
Bounds : ( 23.090, 36.545 ) ( 23.170, 36.605 )


SHORT: ( Metal Short ) Regular Wire of Net n_130 & Pin of Cell g117912__6783  ( Metal1 )
Bounds : ( 23.860, 36.545 ) ( 23.940, 36.605 )


SHORT: ( Metal Short ) Regular Wire of Net debug_pc[29] & Pin of Cell g117912__6783  ( Metal1 )
Bounds : ( 24.100, 36.350 ) ( 24.160, 36.420 )


SHORT: ( Metal Short ) Regular Wire of Net n_130 & Pin of Cell g117912__6783  ( Metal1 )
Bounds : ( 24.100, 36.545 ) ( 24.160, 36.605 )


SHORT: ( Metal Short ) Regular Wire of Net n_130 & Pin of Cell g117912__6783  ( Metal1 )
Bounds : ( 24.260, 36.545 ) ( 24.340, 36.605 )


SHORT: ( Metal Short ) Regular Wire of Net n_130 & Regular Wire of Net clk  ( Metal1 )
Bounds : ( 25.235, 36.540 ) ( 25.365, 36.610 )


SHORT: ( Metal Short ) Regular Wire of Net clk & Regular Wire of Net n_130  ( Metal2 )
Bounds : ( 25.265, 36.510 ) ( 25.335, 37.020 )


SHORT: ( Metal Short ) Regular Wire of Net n_141 & Regular Wire of Net n_149  ( Metal3 )
Bounds : ( 21.435, 36.540 ) ( 21.565, 36.610 )


SPACING: ( ParallelRunLength Spacing ) Regular Wire of Net n_120  ( Metal1 )
Bounds : ( 20.010, 38.250 ) ( 20.035, 38.320 )


SPACING: ( ParallelRunLength Spacing ) Regular Wire of Net n_151 & Pin of Cell g117917__2802  ( Metal1 )
Bounds : ( 20.760, 35.280 ) ( 20.765, 35.335 )


SPACING: ( ParallelRunLength Spacing ) Regular Wire of Net n_150 & Pin of Cell g117912__6783  ( Metal1 )
Bounds : ( 23.860, 36.225 ) ( 23.940, 36.255 )


MAR: ( Minimum Area ) Regular Wire of Net debug_pc[28]  ( Metal2 )
Bounds : ( 20.435, 35.020 ) ( 20.565, 35.090 )


MAR: ( Minimum Area ) Regular Wire of Net debug_pc[28]  ( Metal2 )
Bounds : ( 23.035, 32.930 ) ( 23.165, 33.000 )


MAR: ( Minimum Area ) Regular Wire of Net debug_pc[28]  ( Metal3 )
Bounds : ( 20.435, 35.020 ) ( 20.565, 35.090 )


SHORT: ( Cut Short ) Regular Wire of Net n_126 & Regular Wire of Net debug_next_pc[28]  ( Via1 )
Bounds : ( 19.865, 35.020 ) ( 19.935, 35.090 )


MINHOLE: ( MinHole ) Regular Wire of Net debug_next_pc[28]  ( Metal1 )
Bounds : ( 19.965, 35.085 ) ( 20.060, 35.090 )


SHORT: ( Metal Short ) Regular Wire of Net n_126 & Regular Wire of Net debug_next_pc[28]  ( Metal1 )
Bounds : ( 19.835, 35.020 ) ( 19.965, 35.090 )


SHORT: ( Metal Short ) Regular Wire of Net debug_next_pc[28] & Pin of Cell g117917__2802  ( Metal1 )
Bounds : ( 19.835, 35.025 ) ( 20.140, 35.085 )


SHORT: ( Metal Short ) Regular Wire of Net n_126 & Regular Wire of Net debug_pc[28]  ( Metal1 )
Bounds : ( 20.435, 35.025 ) ( 20.565, 35.085 )


SHORT: ( Metal Short ) Regular Wire of Net n_126 & Pin of Cell g117917__2802  ( Metal1 )
Bounds : ( 20.700, 35.025 ) ( 20.760, 35.085 )


SHORT: ( Metal Short ) Regular Wire of Net n_151 & Pin of Cell g118164  ( Metal1 )
Bounds : ( 21.835, 34.665 ) ( 23.015, 34.705 )


SHORT: ( Metal Short ) Regular Wire of Net n_151 & Pin of Cell g118164  ( Metal1 )
Bounds : ( 21.835, 34.665 ) ( 21.965, 34.710 )


SHORT: ( Metal Short ) Regular Wire of Net n_125 & Pin of Cell g118164  ( Metal1 )
Bounds : ( 21.835, 34.835 ) ( 21.965, 34.895 )


SHORT: ( Metal Short ) Regular Wire of Net n_151 & Pin of Cell g118164  ( Metal1 )
Bounds : ( 22.335, 34.645 ) ( 22.395, 34.705 )


SHORT: ( Metal Short ) Regular Wire of Net n_151 & Pin of Cell g118164  ( Metal1 )
Bounds : ( 22.955, 34.645 ) ( 23.015, 34.705 )


SHORT: ( Metal Short ) Regular Wire of Net n_125 & Pin of Cell g118164  ( Metal1 )
Bounds : ( 23.490, 34.835 ) ( 23.570, 34.895 )


SHORT: ( Metal Short ) Regular Wire of Net debug_next_pc[28] & Regular Wire of Net n_126  ( Metal2 )
Bounds : ( 19.865, 34.800 ) ( 19.935, 35.120 )


SHORT: ( Metal Short ) Regular Wire of Net n_150 & Regular Wire of Net n_151  ( Metal2 )
Bounds : ( 21.865, 34.800 ) ( 21.935, 34.930 )


SPACING: ( ParallelRunLength Spacing ) Regular Wire of Net debug_next_pc[28]  ( Metal1 )
Bounds : ( 19.825, 33.120 ) ( 19.835, 33.125 )


SPACING: ( ParallelRunLength Spacing ) Regular Wire of Net n_126 & Pin of Cell g117914__1617  ( Metal1 )
Bounds : ( 19.880, 34.990 ) ( 19.960, 35.020 )


SPACING: ( ParallelRunLength Spacing ) Regular Wire of Net n_126 & Regular Wire of Net debug_next_pc[28]  ( Metal1 )
Bounds : ( 19.965, 35.085 ) ( 20.060, 35.090 )


SPACING: ( ParallelRunLength Spacing ) Regular Wire of Net debug_pc[28] & Pin of Cell Program_Counter_pc_reg[28]  ( Metal1 )
Bounds : ( 23.035, 32.910 ) ( 23.165, 32.930 )


MAR: ( Minimum Area ) Regular Wire of Net n_152  ( Metal2 )
Bounds : ( 13.635, 38.250 ) ( 13.765, 38.320 )


MAR: ( Minimum Area ) Regular Wire of Net debug_next_pc[27]  ( Metal2 )
Bounds : ( 15.835, 36.540 ) ( 15.965, 36.610 )


MAR: ( Minimum Area ) Regular Wire of Net n_151  ( Metal2 )
Bounds : ( 16.435, 38.250 ) ( 16.565, 38.320 )


MAR: ( Minimum Area ) Regular Wire of Net n_141  ( Metal2 )
Bounds : ( 16.835, 36.540 ) ( 16.965, 36.610 )


MAR: ( Minimum Area ) Regular Wire of Net debug_next_pc[27]  ( Metal3 )
Bounds : ( 15.835, 36.540 ) ( 15.965, 36.610 )


MAR: ( Minimum Area ) Regular Wire of Net n_151  ( Metal3 )
Bounds : ( 16.435, 38.250 ) ( 16.565, 38.320 )


SHORT: ( Cut Short ) Regular Wire of Net n_106 & Regular Wire of Net clk  ( Via1 )
Bounds : ( 15.065, 36.540 ) ( 15.135, 36.610 )


SHORT: ( Metal Short ) Regular Wire of Net n_153 & Pin of Cell g118166  ( Metal1 )
Bounds : ( 13.635, 38.085 ) ( 14.815, 38.125 )


SHORT: ( Metal Short ) Regular Wire of Net n_113 & Pin of Cell g118166  ( Metal1 )
Bounds : ( 13.635, 38.255 ) ( 13.765, 38.315 )


SHORT: ( Metal Short ) Regular Wire of Net n_106 & Pin of Cell g117932__2883  ( Metal1 )
Bounds : ( 13.660, 36.545 ) ( 13.740, 36.605 )


SHORT: ( Metal Short ) Regular Wire of Net debug_pc[25] & Pin of Cell g117932__2883  ( Metal1 )
Bounds : ( 13.900, 36.350 ) ( 13.960, 36.420 )


SHORT: ( Metal Short ) Regular Wire of Net n_106 & Pin of Cell g117932__2883  ( Metal1 )
Bounds : ( 13.900, 36.545 ) ( 13.960, 36.605 )


SHORT: ( Metal Short ) Regular Wire of Net n_106 & Pin of Cell g117932__2883  ( Metal1 )
Bounds : ( 14.060, 36.545 ) ( 14.140, 36.605 )


SHORT: ( Metal Short ) Regular Wire of Net n_153 & Pin of Cell g118166  ( Metal1 )
Bounds : ( 14.135, 38.065 ) ( 14.195, 38.125 )


SHORT: ( Metal Short ) Regular Wire of Net n_153 & Pin of Cell g118166  ( Metal1 )
Bounds : ( 14.755, 38.065 ) ( 14.815, 38.125 )


SHORT: ( Metal Short ) Regular Wire of Net n_106 & Regular Wire of Net clk  ( Metal1 )
Bounds : ( 15.035, 36.540 ) ( 15.165, 36.610 )


SHORT: ( Metal Short ) Regular Wire of Net n_120 & Pin of Cell g118165  ( Metal1 )
Bounds : ( 18.090, 38.255 ) ( 18.170, 38.315 )


SHORT: ( Metal Short ) Regular Wire of Net n_152 & Pin of Cell g117922__8246  ( Metal1 )
Bounds : ( 18.860, 38.105 ) ( 18.940, 38.125 )


SHORT: ( Metal Short ) Regular Wire of Net n_120 & Pin of Cell g117922__8246  ( Metal1 )
Bounds : ( 18.860, 38.255 ) ( 18.940, 38.315 )


SHORT: ( Metal Short ) Regular Wire of Net n_120 & Pin of Cell g117922__8246  ( Metal1 )
Bounds : ( 19.100, 38.255 ) ( 19.160, 38.315 )


SHORT: ( Metal Short ) Regular Wire of Net n_120 & Pin of Cell g117922__8246  ( Metal1 )
Bounds : ( 19.260, 38.255 ) ( 19.340, 38.315 )


SHORT: ( Metal Short ) Regular Wire of Net n_106 & Regular Wire of Net clk  ( Metal2 )
Bounds : ( 15.065, 36.510 ) ( 15.135, 36.640 )


SHORT: ( Metal Short ) Regular Wire of Net n_141 & Regular Wire of Net debug_next_pc[27]  ( Metal3 )
Bounds : ( 15.835, 36.540 ) ( 15.965, 36.610 )


SHORT: ( Metal Short ) Regular Wire of Net n_151 & Regular Wire of Net n_152  ( Metal3 )
Bounds : ( 16.435, 38.250 ) ( 16.565, 38.320 )


SPACING: ( ParallelRunLength Spacing ) Regular Wire of Net n_153 & Regular Wire of Net n_113  ( Metal1 )
Bounds : ( 13.000, 38.125 ) ( 13.140, 38.155 )


SPACING: ( ParallelRunLength Spacing ) Regular Wire of Net n_154 & Pin of Cell g117932__2883  ( Metal1 )
Bounds : ( 13.660, 36.225 ) ( 13.740, 36.255 )


SPACING: ( ParallelRunLength Spacing ) Regular Wire of Net debug_pc[27] & Pin of Cell Program_Counter_pc_reg[27]  ( Metal1 )
Bounds : ( 19.125, 36.330 ) ( 19.330, 36.355 )


MAR: ( Minimum Area ) Regular Wire of Net debug_next_pc[25]  ( Metal2 )
Bounds : ( 13.435, 32.930 ) ( 13.565, 33.000 )


MAR: ( Minimum Area ) Regular Wire of Net debug_next_pc[25]  ( Metal3 )
Bounds : ( 13.435, 32.930 ) ( 13.565, 33.000 )


SHORT: ( Metal Short ) Regular Wire of Net n_107 & Pin of Cell g117929__6161  ( Metal1 )
Bounds : ( 13.460, 33.125 ) ( 13.520, 33.185 )


SHORT: ( Metal Short ) Regular Wire of Net debug_pc[25] & Pin of Cell Program_Counter_pc_reg[25]  ( Metal1 )
Bounds : ( 13.835, 35.090 ) ( 13.905, 35.090 )


SPACING: ( ParallelRunLength Spacing ) Regular Wire of Net debug_pc[25] & Pin of Cell Program_Counter_pc_reg[25]  ( Metal1 )
Bounds : ( 14.125, 35.085 ) ( 14.330, 35.110 )


MAR: ( Minimum Area ) Regular Wire of Net debug_pc[22]  ( Metal2 )
Bounds : ( 19.835, 29.510 ) ( 19.965, 29.580 )


MAR: ( Minimum Area ) Regular Wire of Net n_93  ( Metal2 )
Bounds : ( 21.235, 25.900 ) ( 21.365, 25.970 )


MAR: ( Minimum Area ) Regular Wire of Net n_105  ( Metal2 )
Bounds : ( 21.435, 26.090 ) ( 21.565, 26.160 )


MAR: ( Minimum Area ) Regular Wire of Net n_103  ( Metal2 )
Bounds : ( 21.835, 26.280 ) ( 21.965, 26.350 )


MAR: ( Minimum Area ) Regular Wire of Net n_105  ( Metal2 )
Bounds : ( 22.435, 29.700 ) ( 22.565, 29.770 )


MAR: ( Minimum Area ) Regular Wire of Net debug_next_pc[23]  ( Metal2 )
Bounds : ( 22.635, 29.510 ) ( 22.765, 29.580 )


MAR: ( Minimum Area ) Regular Wire of Net clk  ( Metal2 )
Bounds : ( 23.235, 29.700 ) ( 23.365, 29.770 )


MAR: ( Minimum Area ) Regular Wire of Net n_103  ( Metal2 )
Bounds : ( 24.035, 28.180 ) ( 24.165, 28.250 )


MAR: ( Minimum Area ) Regular Wire of Net debug_next_pc[8]  ( Metal2 )
Bounds : ( 24.035, 29.700 ) ( 24.165, 29.770 )


MAR: ( Minimum Area ) Regular Wire of Net debug_pc[22]  ( Metal3 )
Bounds : ( 19.835, 29.510 ) ( 19.965, 29.580 )


MAR: ( Minimum Area ) Regular Wire of Net n_93  ( Metal3 )
Bounds : ( 21.235, 25.900 ) ( 21.365, 25.970 )


MAR: ( Minimum Area ) Regular Wire of Net n_105  ( Metal3 )
Bounds : ( 22.435, 29.700 ) ( 22.565, 29.770 )


MAR: ( Minimum Area ) Regular Wire of Net debug_next_pc[23]  ( Metal3 )
Bounds : ( 22.635, 29.510 ) ( 22.765, 29.580 )


MAR: ( Minimum Area ) Regular Wire of Net debug_next_pc[8]  ( Metal3 )
Bounds : ( 24.035, 29.700 ) ( 24.165, 29.770 )


SHORT: ( Metal Short ) Regular Wire of Net debug_pc[23] & Pin of Cell g117941__1666  ( Metal1 )
Bounds : ( 21.300, 26.095 ) ( 21.360, 26.155 )


SHORT: ( Metal Short ) Regular Wire of Net debug_pc[23] & Regular Wire of Net n_105  ( Metal1 )
Bounds : ( 21.435, 26.095 ) ( 21.565, 26.155 )


SHORT: ( Metal Short ) Regular Wire of Net debug_pc[23] & Pin of Cell g117941__1666  ( Metal1 )
Bounds : ( 21.630, 26.105 ) ( 22.165, 26.155 )


SHORT: ( Metal Short ) Regular Wire of Net debug_pc[23] & Pin of Cell g117941__1666  ( Metal1 )
Bounds : ( 21.755, 26.095 ) ( 21.815, 26.155 )


SHORT: ( Metal Short ) Regular Wire of Net debug_pc[23] & Pin of Cell g117941__1666  ( Metal1 )
Bounds : ( 21.960, 26.095 ) ( 22.165, 26.155 )


SHORT: ( Metal Short ) Regular Wire of Net n_141 & Pin of Cell g118057  ( Metal1 )
Bounds : ( 22.235, 31.415 ) ( 22.965, 31.475 )


SHORT: ( Metal Short ) Regular Wire of Net n_93 & Regular Wire of Net n_95  ( Metal2 )
Bounds : ( 21.265, 25.870 ) ( 21.335, 26.000 )


SHORT: ( Metal Short ) Regular Wire of Net debug_pc[22] & Regular Wire of Net n_141  ( Metal3 )
Bounds : ( 19.835, 29.510 ) ( 19.965, 29.580 )


SHORT: ( Metal Short ) Regular Wire of Net n_105 & Regular Wire of Net clk  ( Metal3 )
Bounds : ( 22.435, 29.700 ) ( 22.565, 29.770 )


SHORT: ( Metal Short ) Regular Wire of Net debug_next_pc[8] & Regular Wire of Net clk  ( Metal3 )
Bounds : ( 24.035, 29.700 ) ( 24.165, 29.770 )


SPACING: ( ParallelRunLength Spacing ) Regular Wire of Net debug_pc[22] & Pin of Cell Program_Counter_pc_reg[22]  ( Metal1 )
Bounds : ( 19.835, 29.490 ) ( 19.965, 29.510 )


SPACING: ( ParallelRunLength Spacing ) Regular Wire of Net n_93 & Pin of Cell g117941__1666  ( Metal1 )
Bounds : ( 21.360, 25.845 ) ( 21.365, 25.900 )


SPACING: ( ParallelRunLength Spacing ) Regular Wire of Net reset  ( Metal1 )
Bounds : ( 22.870, 31.475 ) ( 22.995, 31.500 )


SPACING: ( ParallelRunLength Spacing ) Regular Wire of Net n_141  ( Metal1 )
Bounds : ( 23.095, 31.400 ) ( 23.175, 31.415 )


SPACING: ( ParallelRunLength Spacing ) Regular Wire of Net debug_pc[23] & Pin of Cell Program_Counter_pc_reg[23]  ( Metal1 )
Bounds : ( 23.235, 28.250 ) ( 23.365, 28.270 )


MAR: ( Minimum Area ) Regular Wire of Net debug_pc[24]  ( Metal2 )
Bounds : ( 14.235, 31.600 ) ( 14.365, 31.670 )


MAR: ( Minimum Area ) Regular Wire of Net n_95  ( Metal2 )
Bounds : ( 14.635, 29.700 ) ( 14.765, 29.770 )


MAR: ( Minimum Area ) Regular Wire of Net reset  ( Metal2 )
Bounds : ( 15.235, 28.180 ) ( 15.365, 28.250 )


MAR: ( Minimum Area ) Regular Wire of Net n_156  ( Metal2 )
Bounds : ( 16.835, 28.370 ) ( 16.965, 28.440 )


MAR: ( Minimum Area ) Regular Wire of Net n_95  ( Metal2 )
Bounds : ( 17.435, 27.990 ) ( 17.565, 28.060 )


MAR: ( Minimum Area ) Regular Wire of Net n_156  ( Metal3 )
Bounds : ( 16.835, 28.370 ) ( 16.965, 28.440 )


SHORT: ( Metal Short ) Regular Wire of Net n_97 & Pin of Cell Program_Counter_pc_reg[24]  ( Metal1 )
Bounds : ( 13.435, 31.670 ) ( 13.565, 31.670 )


SHORT: ( Metal Short ) Regular Wire of Net n_103 & Regular Wire of Net n_92  ( Metal1 )
Bounds : ( 14.235, 26.095 ) ( 14.340, 26.155 )


SHORT: ( Metal Short ) Regular Wire of Net n_97 & Regular Wire of Net debug_pc[24]  ( Metal1 )
Bounds : ( 14.235, 31.605 ) ( 14.365, 31.665 )


SHORT: ( Metal Short ) Regular Wire of Net n_92 & Pin of Cell g117943__7410  ( Metal1 )
Bounds : ( 14.260, 26.090 ) ( 14.340, 26.160 )


SHORT: ( Metal Short ) Regular Wire of Net n_96 & Pin of Cell g117942__6417  ( Metal1 )
Bounds : ( 15.460, 28.250 ) ( 15.565, 28.250 )


SHORT: ( Metal Short ) Regular Wire of Net debug_next_pc[22] & Pin of Cell g117945__6260  ( Metal1 )
Bounds : ( 15.660, 28.185 ) ( 16.165, 28.245 )


SHORT: ( Metal Short ) Regular Wire of Net n_96 & Regular Wire of Net debug_pc[22]  ( Metal1 )
Bounds : ( 16.635, 28.185 ) ( 16.765, 28.245 )


SHORT: ( Metal Short ) Regular Wire of Net n_96 & Pin of Cell g117945__6260  ( Metal1 )
Bounds : ( 16.900, 28.185 ) ( 16.960, 28.245 )


SHORT: ( Metal Short ) Regular Wire of Net n_156 & Regular Wire of Net debug_pc[22]  ( Metal3 )
Bounds : ( 16.835, 28.370 ) ( 16.965, 28.440 )


SPACING: ( ParallelRunLength Spacing ) Regular Wire of Net n_97  ( Metal1 )
Bounds : ( 13.565, 31.665 ) ( 13.905, 31.670 )


SPACING: ( ParallelRunLength Spacing ) Regular Wire of Net n_97 & Regular Wire of Net n_103  ( Metal1 )
Bounds : ( 13.765, 29.700 ) ( 13.795, 29.770 )


SPACING: ( ParallelRunLength Spacing ) Regular Wire of Net debug_pc[24] & Pin of Cell Program_Counter_pc_reg[24]  ( Metal1 )
Bounds : ( 14.125, 31.665 ) ( 14.715, 31.690 )


SPACING: ( ParallelRunLength Spacing ) Regular Wire of Net n_96 & Pin of Cell g117942__6417  ( Metal1 )
Bounds : ( 15.480, 28.150 ) ( 15.560, 28.180 )


SPACING: ( ParallelRunLength Spacing ) Regular Wire of Net n_96  ( Metal1 )
Bounds : ( 15.565, 28.245 ) ( 15.660, 28.250 )


SPACING: ( ParallelRunLength Spacing ) Regular Wire of Net n_156 & Pin of Cell g117945__6260  ( Metal1 )
Bounds : ( 16.960, 28.440 ) ( 16.965, 28.495 )


MAR: ( Minimum Area ) Regular Wire of Net debug_next_pc[25]  ( Metal2 )
Bounds : ( 10.835, 34.830 ) ( 10.965, 34.900 )


MAR: ( Minimum Area ) Regular Wire of Net n_153  ( Metal3 )
Bounds : ( 12.435, 38.060 ) ( 12.565, 38.130 )


SHORT: ( Metal Short ) Regular Wire of Net n_114 & Pin of Cell g117924__6131  ( Metal1 )
Bounds : ( 11.860, 38.255 ) ( 11.920, 38.315 )


SHORT: ( Metal Short ) Regular Wire of Net n_154 & Pin of Cell g118167  ( Metal1 )
Bounds : ( 12.035, 36.210 ) ( 12.765, 36.225 )


SHORT: ( Metal Short ) Regular Wire of Net n_154 & Pin of Cell g118167  ( Metal1 )
Bounds : ( 12.035, 36.210 ) ( 12.165, 36.230 )


SHORT: ( Metal Short ) Regular Wire of Net n_114 & Pin of Cell g117927__5115  ( Metal1 )
Bounds : ( 12.260, 38.255 ) ( 12.340, 38.315 )


SHORT: ( Metal Short ) Regular Wire of Net n_154 & Pin of Cell g118167  ( Metal1 )
Bounds : ( 12.295, 36.165 ) ( 12.355, 36.225 )


SHORT: ( Metal Short ) Regular Wire of Net n_114 & Pin of Cell g117927__5115  ( Metal1 )
Bounds : ( 12.500, 38.255 ) ( 12.560, 38.315 )


SHORT: ( Metal Short ) Regular Wire of Net n_154 & Pin of Cell g118167  ( Metal1 )
Bounds : ( 12.635, 36.210 ) ( 12.765, 36.230 )


SHORT: ( Metal Short ) Regular Wire of Net n_153 & Pin of Cell g117927__5115  ( Metal1 )
Bounds : ( 12.660, 38.065 ) ( 12.720, 38.125 )


SHORT: ( Metal Short ) Regular Wire of Net n_154 & Pin of Cell g118167  ( Metal1 )
Bounds : ( 12.705, 36.160 ) ( 12.765, 36.230 )


MAR: ( Minimum Area ) Regular Wire of Net debug_next_pc[24]  ( Metal2 )
Bounds : ( 10.835, 31.410 ) ( 10.965, 31.480 )


MAR: ( Minimum Area ) Regular Wire of Net n_156  ( Metal2 )
Bounds : ( 11.235, 29.510 ) ( 11.365, 29.580 )


MAR: ( Minimum Area ) Regular Wire of Net debug_pc[24]  ( Metal2 )
Bounds : ( 12.635, 28.180 ) ( 12.765, 28.250 )


MAR: ( Minimum Area ) Regular Wire of Net debug_next_pc[24]  ( Metal3 )
Bounds : ( 10.835, 31.410 ) ( 10.965, 31.480 )


MAR: ( Minimum Area ) Regular Wire of Net debug_pc[24]  ( Metal3 )
Bounds : ( 12.635, 28.180 ) ( 12.765, 28.250 )


SHORT: ( Cut Short ) Regular Wire of Net debug_pc[21] & Regular Wire of Net debug_pc[22]  ( Via1 )
Bounds : ( 11.865, 26.280 ) ( 11.935, 26.350 )


SHORT: ( Metal Short ) Regular Wire of Net debug_pc[22] & Regular Wire of Net debug_pc[21]  ( Metal1 )
Bounds : ( 11.835, 26.280 ) ( 11.965, 26.350 )


SHORT: ( Metal Short ) Regular Wire of Net reset & Pin of Cell g117937__4733  ( Metal1 )
Bounds : ( 12.035, 28.185 ) ( 12.565, 28.245 )


SHORT: ( Metal Short ) Regular Wire of Net n_111 & Pin of Cell g117934__1881  ( Metal1 )
Bounds : ( 12.060, 28.250 ) ( 12.165, 28.250 )


SHORT: ( Metal Short ) Regular Wire of Net n_111 & Regular Wire of Net debug_pc[24]  ( Metal1 )
Bounds : ( 12.635, 28.185 ) ( 12.765, 28.245 )


SHORT: ( Metal Short ) Regular Wire of Net debug_pc[22] & Regular Wire of Net debug_pc[21]  ( Metal2 )
Bounds : ( 11.865, 26.250 ) ( 11.935, 26.380 )


SHORT: ( Metal Short ) Regular Wire of Net n_104 & Regular Wire of Net debug_pc[24]  ( Metal2 )
Bounds : ( 12.665, 28.150 ) ( 12.735, 28.280 )


SHORT: ( Metal Short ) Regular Wire of Net clk & Regular Wire of Net debug_next_pc[24]  ( Metal3 )
Bounds : ( 10.835, 31.410 ) ( 10.965, 31.480 )


SHORT: ( Metal Short ) Regular Wire of Net debug_pc[24] & Regular Wire of Net reset  ( Metal3 )
Bounds : ( 12.635, 28.180 ) ( 12.765, 28.250 )


SPACING: ( ParallelRunLength Spacing ) Regular Wire of Net n_111 & Pin of Cell g117934__1881  ( Metal1 )
Bounds : ( 12.080, 28.150 ) ( 12.160, 28.180 )


SPACING: ( ParallelRunLength Spacing ) Regular Wire of Net n_154 & Pin of Cell g118168  ( Metal1 )
Bounds : ( 12.140, 29.390 ) ( 12.165, 29.435 )


SPACING: ( ParallelRunLength Spacing ) Regular Wire of Net n_111  ( Metal1 )
Bounds : ( 12.165, 28.245 ) ( 12.235, 28.250 )


SPACING: ( ParallelRunLength Spacing ) Regular Wire of Net n_104 & Pin of Cell g117937__4733  ( Metal1 )
Bounds : ( 12.660, 28.345 ) ( 12.740, 28.370 )


SHORT: ( Metal Short ) Regular Wire of Net n_106 & Pin of Cell g118167  ( Metal1 )
Bounds : ( 12.890, 36.545 ) ( 12.970, 36.605 )


SHORT: ( Metal Short ) Regular Wire of Net n_111 & Pin of Cell g117937__4733  ( Metal1 )
Bounds : ( 12.900, 28.185 ) ( 12.960, 28.245 )


SHORT: ( Metal Short ) Regular Wire of Net n_141 & Regular Wire of Net debug_next_pc[26]  ( Metal2 )
Bounds : ( 11.865, 38.410 ) ( 11.935, 38.540 )


SHORT: ( Metal Short ) Regular Wire of Net n_152 & Regular Wire of Net debug_pc[27]  ( Metal2 )
Bounds : ( 19.065, 38.030 ) ( 19.135, 38.540 )


MAR: ( Minimum Area ) Regular Wire of Net debug_next_pc[13]  ( Metal2 )
Bounds : ( 39.035, 14.500 ) ( 39.165, 14.570 )


MAR: ( Minimum Area ) Regular Wire of Net n_37  ( Metal2 )
Bounds : ( 39.235, 19.440 ) ( 39.365, 19.510 )


MAR: ( Minimum Area ) Regular Wire of Net debug_pc[11]  ( Metal2 )
Bounds : ( 39.635, 21.340 ) ( 39.765, 21.410 )


MAR: ( Minimum Area ) Regular Wire of Net debug_pc[10]  ( Metal2 )
Bounds : ( 39.635, 22.670 ) ( 39.765, 22.740 )


MAR: ( Minimum Area ) Regular Wire of Net n_52  ( Metal2 )
Bounds : ( 40.435, 15.830 ) ( 40.565, 15.900 )


MAR: ( Minimum Area ) Regular Wire of Net debug_next_pc[13]  ( Metal3 )
Bounds : ( 39.035, 14.500 ) ( 39.165, 14.570 )


SHORT: ( Metal Short ) Regular Wire of Net n_48 & Pin of Cell g117986__6417  ( Metal1 )
Bounds : ( 39.060, 14.315 ) ( 39.120, 14.375 )


SHORT: ( Metal Short ) Regular Wire of Net n_48 & Pin of Cell g117990__5107  ( Metal1 )
Bounds : ( 39.460, 14.315 ) ( 39.540, 14.375 )


SHORT: ( Metal Short ) Regular Wire of Net n_48 & Pin of Cell g117990__5107  ( Metal1 )
Bounds : ( 39.700, 14.315 ) ( 39.760, 14.375 )


SHORT: ( Metal Short ) Regular Wire of Net n_42 & Regular Wire of Net n_37  ( Metal2 )
Bounds : ( 40.465, 21.310 ) ( 40.535, 21.630 )


SPACING: ( ParallelRunLength Spacing ) Regular Wire of Net debug_pc[12] & Pin of Cell Program_Counter_pc_reg[12]  ( Metal1 )
Bounds : ( 39.635, 15.810 ) ( 39.765, 15.830 )


SPACING: ( ParallelRunLength Spacing ) Regular Wire of Net debug_pc[11] & Pin of Cell Program_Counter_pc_reg[11]  ( Metal1 )
Bounds : ( 39.635, 21.410 ) ( 39.765, 21.430 )


SPACING: ( ParallelRunLength Spacing ) Regular Wire of Net debug_pc[10] & Pin of Cell Program_Counter_pc_reg[10]  ( Metal1 )
Bounds : ( 39.635, 22.650 ) ( 39.765, 22.670 )


SPACING: ( ParallelRunLength Spacing ) Regular Wire of Net n_165 & Pin of Cell g117990__5107  ( Metal1 )
Bounds : ( 39.760, 14.760 ) ( 39.765, 14.815 )


MAR: ( Minimum Area ) Regular Wire of Net n_29  ( Metal2 )
Bounds : ( 33.035, 22.860 ) ( 33.165, 22.930 )


MAR: ( Minimum Area ) Regular Wire of Net debug_pc[11]  ( Metal2 )
Bounds : ( 33.635, 19.250 ) ( 33.765, 19.320 )


MAR: ( Minimum Area ) Regular Wire of Net debug_pc[10]  ( Metal2 )
Bounds : ( 38.035, 24.760 ) ( 38.165, 24.830 )


MAR: ( Minimum Area ) Regular Wire of Net debug_pc[11]  ( Metal3 )
Bounds : ( 33.635, 19.250 ) ( 33.765, 19.320 )


MAR: ( Minimum Area ) Regular Wire of Net reset  ( Metal3 )
Bounds : ( 35.235, 19.250 ) ( 35.365, 19.320 )


MAR: ( Minimum Area ) Regular Wire of Net debug_pc[10]  ( Metal3 )
Bounds : ( 38.035, 24.760 ) ( 38.165, 24.830 )


SHORT: ( Metal Short ) Regular Wire of Net n_43 & Pin of Cell g118000__8428  ( Metal1 )
Bounds : ( 34.230, 19.265 ) ( 34.765, 19.315 )


SHORT: ( Metal Short ) Regular Wire of Net n_43 & Pin of Cell g118000__8428  ( Metal1 )
Bounds : ( 34.355, 19.255 ) ( 34.415, 19.315 )


SHORT: ( Metal Short ) Regular Wire of Net n_43 & Pin of Cell g118000__8428  ( Metal1 )
Bounds : ( 34.560, 19.255 ) ( 34.765, 19.315 )


SHORT: ( Metal Short ) Regular Wire of Net reset & Pin of Cell g118000__8428  ( Metal1 )
Bounds : ( 35.235, 19.255 ) ( 35.365, 19.315 )


SHORT: ( Metal Short ) Regular Wire of Net n_43 & Pin of Cell g117996__2398  ( Metal1 )
Bounds : ( 35.460, 19.250 ) ( 35.565, 19.250 )


SHORT: ( Metal Short ) Regular Wire of Net debug_next_pc[11] & Regular Wire of Net n_26  ( Metal1 )
Bounds : ( 35.835, 19.255 ) ( 35.965, 19.315 )


SHORT: ( Metal Short ) Regular Wire of Net debug_next_pc[11] & Pin of Cell g118179  ( Metal1 )
Bounds : ( 35.835, 19.270 ) ( 36.085, 19.315 )


SHORT: ( Metal Short ) Regular Wire of Net debug_next_pc[11] & Pin of Cell g118179  ( Metal1 )
Bounds : ( 36.035, 19.270 ) ( 36.085, 19.320 )


SHORT: ( Metal Short ) Regular Wire of Net n_34 & Pin of Cell g118002__3680  ( Metal1 )
Bounds : ( 37.460, 24.830 ) ( 37.565, 24.830 )


SHORT: ( Metal Short ) Regular Wire of Net n_26 & Pin of Cell g118002__3680  ( Metal1 )
Bounds : ( 37.460, 24.955 ) ( 37.520, 24.970 )


SHORT: ( Metal Short ) Regular Wire of Net n_34 & Regular Wire of Net debug_next_pc[10]  ( Metal1 )
Bounds : ( 37.635, 24.765 ) ( 37.765, 24.825 )


SHORT: ( Metal Short ) Regular Wire of Net n_34 & Regular Wire of Net debug_pc[10]  ( Metal1 )
Bounds : ( 38.035, 24.765 ) ( 38.165, 24.825 )


SHORT: ( Metal Short ) Regular Wire of Net n_34 & Pin of Cell g118005__1705  ( Metal1 )
Bounds : ( 38.300, 24.765 ) ( 38.360, 24.825 )


SHORT: ( Metal Short ) Regular Wire of Net clk & Regular Wire of Net n_43  ( Metal2 )
Bounds : ( 35.465, 19.220 ) ( 35.535, 19.540 )


SPACING: ( ParallelRunLength Spacing ) Regular Wire of Net n_35 & Pin of Cell g118000__8428  ( Metal1 )
Bounds : ( 33.660, 19.125 ) ( 33.740, 19.155 )


SPACING: ( ParallelRunLength Spacing ) Regular Wire of Net n_43 & Pin of Cell g117996__2398  ( Metal1 )
Bounds : ( 35.480, 19.320 ) ( 35.560, 19.350 )


SPACING: ( ParallelRunLength Spacing ) Regular Wire of Net n_165 & Pin of Cell g118179  ( Metal1 )
Bounds : ( 36.740, 19.130 ) ( 36.765, 19.175 )


SPACING: ( ParallelRunLength Spacing ) Regular Wire of Net n_34 & Pin of Cell g118002__3680  ( Metal1 )
Bounds : ( 37.480, 24.730 ) ( 37.560, 24.760 )


SPACING: ( ParallelRunLength Spacing ) Regular Wire of Net n_34 & Regular Wire of Net debug_next_pc[10]  ( Metal1 )
Bounds : ( 37.565, 24.825 ) ( 37.635, 24.830 )


SPACING: ( ParallelRunLength Spacing ) Regular Wire of Net n_26 & Pin of Cell g118005__1705  ( Metal1 )
Bounds : ( 38.060, 24.925 ) ( 38.140, 24.955 )


MAR: ( Minimum Area ) Regular Wire of Net debug_pc[9]  ( Metal2 )
Bounds : ( 27.435, 22.670 ) ( 27.565, 22.740 )


MAR: ( Minimum Area ) Regular Wire of Net n_35  ( Metal2 )
Bounds : ( 29.035, 22.480 ) ( 29.165, 22.550 )


MAR: ( Minimum Area ) Regular Wire of Net n_28  ( Metal2 )
Bounds : ( 29.635, 24.570 ) ( 29.765, 24.640 )


MAR: ( Minimum Area ) Regular Wire of Net debug_pc[9]  ( Metal3 )
Bounds : ( 27.435, 22.670 ) ( 27.565, 22.740 )


SHORT: ( Cut Short ) Regular Wire of Net n_35 & Regular Wire of Net n_31  ( Via1 )
Bounds : ( 29.065, 22.480 ) ( 29.135, 22.550 )


MINHOLE: ( MinHole ) Regular Wire of Net n_31  ( Metal1 )
Bounds : ( 27.760, 22.425 ) ( 28.155, 22.485 )


SHORT: ( Metal Short ) Regular Wire of Net n_39 & Pin of Cell g118006__4319  ( Metal1 )
Bounds : ( 26.860, 22.670 ) ( 26.965, 22.670 )


SHORT: ( Metal Short ) Regular Wire of Net n_39 & Regular Wire of Net debug_next_pc[9]  ( Metal1 )
Bounds : ( 27.035, 22.675 ) ( 27.165, 22.735 )


SHORT: ( Metal Short ) Regular Wire of Net n_39 & Regular Wire of Net debug_pc[9]  ( Metal1 )
Bounds : ( 27.435, 22.675 ) ( 27.565, 22.735 )


SHORT: ( Metal Short ) Regular Wire of Net n_39 & Pin of Cell g118010__6783  ( Metal1 )
Bounds : ( 27.700, 22.675 ) ( 27.760, 22.735 )


SHORT: ( Metal Short ) Regular Wire of Net n_31 & Pin of Cell g118010__6783  ( Metal1 )
Bounds : ( 27.860, 22.525 ) ( 28.055, 22.545 )


SHORT: ( Metal Short ) Regular Wire of Net n_35 & Regular Wire of Net n_31  ( Metal1 )
Bounds : ( 29.035, 22.480 ) ( 29.165, 22.550 )


SHORT: ( Metal Short ) Regular Wire of Net n_31 & Pin of Cell g118007__5122  ( Metal1 )
Bounds : ( 29.035, 22.495 ) ( 29.180, 22.545 )


SHORT: ( Metal Short ) Regular Wire of Net n_31 & Pin of Cell g118007__5122  ( Metal1 )
Bounds : ( 29.035, 22.510 ) ( 29.365, 22.545 )


SHORT: ( Metal Short ) Regular Wire of Net n_38 & Pin of Cell g118007__5122  ( Metal1 )
Bounds : ( 29.200, 22.865 ) ( 29.765, 22.870 )


SHORT: ( Metal Short ) Regular Wire of Net n_31 & Pin of Cell g118007__5122  ( Metal1 )
Bounds : ( 29.235, 22.510 ) ( 29.365, 22.550 )


SHORT: ( Metal Short ) Regular Wire of Net n_38 & Pin of Cell g118007__5122  ( Metal1 )
Bounds : ( 29.635, 22.860 ) ( 29.765, 22.870 )


SHORT: ( Metal Short ) Regular Wire of Net n_38 & Pin of Cell g118007__5122  ( Metal1 )
Bounds : ( 29.660, 22.860 ) ( 29.765, 22.925 )


SHORT: ( Metal Short ) Regular Wire of Net n_38 & Pin of Cell g118007__5122  ( Metal1 )
Bounds : ( 29.660, 22.860 ) ( 29.740, 22.930 )


SHORT: ( Metal Short ) Regular Wire of Net n_37 & Pin of Cell g118007__5122  ( Metal1 )
Bounds : ( 30.685, 22.860 ) ( 30.765, 22.890 )


SHORT: ( Metal Short ) Regular Wire of Net n_31 & Regular Wire of Net n_35  ( Metal2 )
Bounds : ( 29.065, 22.450 ) ( 29.135, 22.580 )


SPACING: ( ParallelRunLength Spacing ) Regular Wire of Net n_39 & Pin of Cell g118006__4319  ( Metal1 )
Bounds : ( 26.880, 22.740 ) ( 26.960, 22.770 )


SPACING: ( ParallelRunLength Spacing ) Regular Wire of Net n_39 & Regular Wire of Net debug_next_pc[9]  ( Metal1 )
Bounds : ( 26.965, 22.670 ) ( 27.035, 22.675 )


SPACING: ( ParallelRunLength Spacing ) Regular Wire of Net n_29 & Regular Wire of Net n_31  ( Metal1 )
Bounds : ( 29.270, 24.825 ) ( 29.730, 24.905 )


MAR: ( Minimum Area ) Regular Wire of Net n_141  ( Metal2 )
Bounds : ( 27.235, 21.150 ) ( 27.365, 21.220 )


MAR: ( Minimum Area ) Regular Wire of Net debug_pc[9]  ( Metal2 )
Bounds : ( 29.635, 21.340 ) ( 29.765, 21.410 )


MAR: ( Minimum Area ) Regular Wire of Net n_37  ( Metal2 )
Bounds : ( 31.635, 19.440 ) ( 31.765, 19.510 )


SHORT: ( Metal Short ) Regular Wire of Net n_37 & Pin of Cell g118178  ( Metal1 )
Bounds : ( 30.635, 19.440 ) ( 30.695, 19.510 )


SHORT: ( Metal Short ) Regular Wire of Net n_37 & Pin of Cell g118178  ( Metal1 )
Bounds : ( 30.795, 19.445 ) ( 31.295, 19.505 )


SHORT: ( Metal Short ) Regular Wire of Net n_38 & Pin of Cell g118178  ( Metal1 )
Bounds : ( 32.035, 19.440 ) ( 32.150, 19.510 )


SPACING: ( ParallelRunLength Spacing ) Regular Wire of Net debug_pc[9] & Pin of Cell Program_Counter_pc_reg[9]  ( Metal1 )
Bounds : ( 29.635, 21.410 ) ( 29.765, 21.430 )


SPACING: ( ParallelRunLength Spacing ) Regular Wire of Net n_164 & Pin of Cell g118178  ( Metal1 )
Bounds : ( 29.940, 19.130 ) ( 29.965, 19.175 )


SPACING: ( ParallelRunLength Spacing ) Regular Wire of Net n_37 & Regular Wire of Net n_42  ( Metal1 )
Bounds : ( 30.765, 19.440 ) ( 30.795, 19.510 )


SPACING: ( ParallelRunLength Spacing ) Regular Wire of Net debug_pc[9] & Regular Wire of Net n_38  ( Metal2 )
Bounds : ( 29.665, 21.440 ) ( 29.735, 21.500 )


SPACING: ( ParallelRunLength Spacing ) Regular Wire of Net n_163 & Pin of Cell g118177  ( Metal1 )
Bounds : ( 34.140, 18.065 ) ( 34.165, 18.110 )


SPACING: ( ParallelRunLength Spacing ) Regular Wire of Net debug_next_pc[12]  ( Metal1 )
Bounds : ( 36.425, 16.020 ) ( 36.435, 16.025 )


MAR: ( Minimum Area ) Regular Wire of Net debug_next_pc[13]  ( Metal2 )
Bounds : ( 36.235, 12.600 ) ( 36.365, 12.670 )


MAR: ( Minimum Area ) Regular Wire of Net debug_pc[12]  ( Metal2 )
Bounds : ( 37.035, 14.500 ) ( 37.165, 14.570 )


MAR: ( Minimum Area ) Regular Wire of Net n_164  ( Metal2 )
Bounds : ( 37.235, 14.690 ) ( 37.365, 14.760 )


MAR: ( Minimum Area ) Regular Wire of Net debug_pc[12]  ( Metal3 )
Bounds : ( 37.035, 14.500 ) ( 37.165, 14.570 )


SHORT: ( Cut Short ) Regular Wire of Net debug_next_pc[12] & Regular Wire of Net n_53  ( Via1 )
Bounds : ( 36.465, 14.500 ) ( 36.535, 14.570 )


MINHOLE: ( MinHole ) Regular Wire of Net debug_next_pc[12]  ( Metal1 )
Bounds : ( 36.565, 14.565 ) ( 36.660, 14.570 )


SHORT: ( Metal Short ) Regular Wire of Net debug_next_pc[12] & Regular Wire of Net n_53  ( Metal1 )
Bounds : ( 36.435, 14.500 ) ( 36.565, 14.570 )


SHORT: ( Metal Short ) Regular Wire of Net n_53 & Pin of Cell g117991__2883  ( Metal1 )
Bounds : ( 36.435, 14.505 ) ( 37.530, 14.565 )


SHORT: ( Metal Short ) Regular Wire of Net reset & Pin of Cell g117995__7410  ( Metal1 )
Bounds : ( 37.630, 14.505 ) ( 38.165, 14.555 )


SHORT: ( Metal Short ) Regular Wire of Net reset & Pin of Cell g117995__7410  ( Metal1 )
Bounds : ( 37.755, 14.505 ) ( 37.815, 14.565 )


SHORT: ( Metal Short ) Regular Wire of Net reset & Pin of Cell g117995__7410  ( Metal1 )
Bounds : ( 37.960, 14.505 ) ( 38.165, 14.565 )


SHORT: ( Metal Short ) Regular Wire of Net debug_next_pc[12] & Regular Wire of Net n_53  ( Metal2 )
Bounds : ( 36.465, 14.470 ) ( 36.535, 14.600 )


SHORT: ( Metal Short ) Regular Wire of Net n_164 & Regular Wire of Net n_141  ( Metal2 )
Bounds : ( 37.265, 14.660 ) ( 37.335, 14.790 )


SPACING: ( ParallelRunLength Spacing ) Regular Wire of Net reset & Pin of Cell g117991__2883  ( Metal1 )
Bounds : ( 36.480, 14.470 ) ( 36.560, 14.500 )


SPACING: ( ParallelRunLength Spacing ) Regular Wire of Net reset & Regular Wire of Net debug_next_pc[12]  ( Metal1 )
Bounds : ( 36.565, 14.565 ) ( 36.660, 14.570 )


SPACING: ( ParallelRunLength Spacing ) Regular Wire of Net n_164 & Pin of Cell g117995__7410  ( Metal1 )
Bounds : ( 37.360, 14.760 ) ( 37.365, 14.815 )


MAR: ( Minimum Area ) Regular Wire of Net debug_pc[14]  ( Metal2 )
Bounds : ( 34.635, 14.500 ) ( 34.765, 14.570 )


MAR: ( Minimum Area ) Regular Wire of Net debug_pc[14]  ( Metal3 )
Bounds : ( 34.635, 14.500 ) ( 34.765, 14.570 )


SHORT: ( Metal Short ) Regular Wire of Net clk & Pin of Cell g117981__4733  ( Metal1 )
Bounds : ( 34.860, 12.605 ) ( 34.940, 12.665 )


SHORT: ( Metal Short ) Regular Wire of Net reset & Pin of Cell g117985__2346  ( Metal1 )
Bounds : ( 34.900, 14.500 ) ( 34.960, 14.570 )


SHORT: ( Metal Short ) Regular Wire of Net n_58 & Pin of Cell Program_Counter_pc_reg[13]  ( Metal1 )
Bounds : ( 35.035, 12.605 ) ( 35.165, 12.665 )


SHORT: ( Metal Short ) Regular Wire of Net reset & Regular Wire of Net n_58  ( Metal1 )
Bounds : ( 35.035, 14.505 ) ( 35.165, 14.565 )


SHORT: ( Metal Short ) Regular Wire of Net reset & Pin of Cell g117985__2346  ( Metal1 )
Bounds : ( 35.235, 14.500 ) ( 35.365, 14.555 )


SHORT: ( Metal Short ) Regular Wire of Net clk & Pin of Cell g117981__4733  ( Metal1 )
Bounds : ( 35.260, 12.605 ) ( 35.320, 12.665 )


SHORT: ( Metal Short ) Regular Wire of Net reset & Pin of Cell g117985__2346  ( Metal1 )
Bounds : ( 35.355, 14.500 ) ( 35.365, 14.570 )


SHORT: ( Metal Short ) Regular Wire of Net reset & Pin of Cell g117985__2346  ( Metal1 )
Bounds : ( 35.355, 14.505 ) ( 35.415, 14.565 )


SHORT: ( Metal Short ) Regular Wire of Net n_57 & Regular Wire of Net clk  ( Metal2 )
Bounds : ( 35.465, 13.900 ) ( 35.535, 14.410 )


SPACING: ( ParallelRunLength Spacing ) Regular Wire of Net n_163 & Pin of Cell g117985__2346  ( Metal1 )
Bounds : ( 34.660, 14.665 ) ( 34.740, 14.695 )


SHORT: ( Metal Short ) Regular Wire of Net reset & Pin of Cell g117985__2346  ( Metal1 )
Bounds : ( 35.230, 14.505 ) ( 35.765, 14.555 )


SHORT: ( Metal Short ) Regular Wire of Net reset & Pin of Cell g117985__2346  ( Metal1 )
Bounds : ( 35.560, 14.505 ) ( 35.765, 14.565 )


MAR: ( Minimum Area ) Regular Wire of Net debug_next_pc[15]  ( Metal2 )
Bounds : ( 26.435, 12.600 ) ( 26.565, 12.670 )


MAR: ( Minimum Area ) Regular Wire of Net n_165  ( Metal2 )
Bounds : ( 27.635, 15.830 ) ( 27.765, 15.900 )


MAR: ( Minimum Area ) Regular Wire of Net n_57  ( Metal2 )
Bounds : ( 30.455, 13.930 ) ( 30.585, 14.000 )


MAR: ( Minimum Area ) Regular Wire of Net debug_next_pc[15]  ( Metal3 )
Bounds : ( 26.435, 12.600 ) ( 26.565, 12.670 )


SHORT: ( Metal Short ) Regular Wire of Net n_70 & Pin of Cell g118174  ( Metal1 )
Bounds : ( 29.015, 14.315 ) ( 29.765, 14.375 )


SHORT: ( Metal Short ) Regular Wire of Net n_70 & Pin of Cell g118174  ( Metal1 )
Bounds : ( 29.435, 14.310 ) ( 29.565, 14.380 )


SHORT: ( Metal Short ) Regular Wire of Net n_57 & Pin of Cell g118175  ( Metal1 )
Bounds : ( 30.205, 14.315 ) ( 30.285, 14.375 )


SHORT: ( Metal Short ) Regular Wire of Net n_57 & Pin of Cell g118175  ( Metal1 )
Bounds : ( 30.235, 14.310 ) ( 30.285, 14.380 )


SHORT: ( Metal Short ) Regular Wire of Net debug_next_pc[15] & Regular Wire of Net clk  ( Metal3 )
Bounds : ( 26.435, 12.600 ) ( 26.565, 12.670 )


SPACING: ( ParallelRunLength Spacing ) Regular Wire of Net n_160 & Pin of Cell g118174  ( Metal1 )
Bounds : ( 26.540, 14.645 ) ( 26.565, 14.690 )


SPACING: ( ParallelRunLength Spacing ) Regular Wire of Net n_162 & Pin of Cell g118176  ( Metal1 )
Bounds : ( 28.540, 15.710 ) ( 28.565, 15.755 )


SPACING: ( ParallelRunLength Spacing ) Regular Wire of Net n_161 & Pin of Cell g118175  ( Metal1 )
Bounds : ( 30.940, 14.645 ) ( 30.965, 14.690 )


MAR: ( Minimum Area ) Regular Wire of Net reset  ( Metal2 )
Bounds : ( 27.435, 11.080 ) ( 27.565, 11.150 )


MAR: ( Minimum Area ) Regular Wire of Net debug_pc[15]  ( Metal2 )
Bounds : ( 28.235, 11.080 ) ( 28.365, 11.150 )


MAR: ( Minimum Area ) Regular Wire of Net debug_pc[15]  ( Metal2 )
Bounds : ( 29.835, 12.410 ) ( 29.965, 12.480 )


MAR: ( Minimum Area ) Regular Wire of Net debug_pc[15]  ( Metal3 )
Bounds : ( 28.235, 11.080 ) ( 28.365, 11.150 )


MAR: ( Minimum Area ) Regular Wire of Net reset  ( Metal3 )
Bounds : ( 34.835, 12.410 ) ( 34.965, 12.480 )


SHORT: ( Metal Short ) Regular Wire of Net n_71 & Pin of Cell g117977__5122  ( Metal1 )
Bounds : ( 27.660, 11.150 ) ( 27.765, 11.150 )


SHORT: ( Metal Short ) Regular Wire of Net debug_next_pc[15] & Pin of Cell g117980__5115  ( Metal1 )
Bounds : ( 27.835, 11.085 ) ( 27.965, 11.145 )


SHORT: ( Metal Short ) Regular Wire of Net n_71 & Regular Wire of Net debug_pc[15]  ( Metal1 )
Bounds : ( 28.235, 11.085 ) ( 28.365, 11.145 )


SHORT: ( Metal Short ) Regular Wire of Net n_71 & Pin of Cell g117980__5115  ( Metal1 )
Bounds : ( 28.500, 11.085 ) ( 28.560, 11.145 )


SHORT: ( Metal Short ) Regular Wire of Net debug_next_pc[14] & Regular Wire of Net reset  ( Metal1 )
Bounds : ( 34.835, 12.415 ) ( 34.965, 12.475 )


SHORT: ( Metal Short ) Regular Wire of Net debug_pc[15] & Regular Wire of Net reset  ( Metal3 )
Bounds : ( 28.235, 11.080 ) ( 28.365, 11.150 )


SPACING: ( ParallelRunLength Spacing ) Regular Wire of Net n_71 & Pin of Cell g117977__5122  ( Metal1 )
Bounds : ( 27.680, 11.050 ) ( 27.760, 11.080 )


SPACING: ( ParallelRunLength Spacing ) Regular Wire of Net n_71  ( Metal1 )
Bounds : ( 27.765, 11.145 ) ( 27.835, 11.150 )


SPACING: ( ParallelRunLength Spacing ) Regular Wire of Net n_161 & Pin of Cell g117980__5115  ( Metal1 )
Bounds : ( 28.560, 11.340 ) ( 28.565, 11.395 )


SPACING: ( ParallelRunLength Spacing ) Regular Wire of Net debug_pc[15] & Pin of Cell Program_Counter_pc_reg[15]  ( Metal1 )
Bounds : ( 29.835, 12.390 ) ( 29.965, 12.410 )


SPACING: ( ParallelRunLength Spacing ) Regular Wire of Net debug_next_pc[14] & Pin of Cell g117981__4733  ( Metal1 )
Bounds : ( 35.060, 12.410 ) ( 35.260, 12.415 )


SPACING: ( ParallelRunLength Spacing ) Regular Wire of Net debug_pc[14] & Pin of Cell Program_Counter_pc_reg[14]  ( Metal1 )
Bounds : ( 37.435, 11.150 ) ( 37.565, 11.170 )


SPACING: ( ParallelRunLength Spacing ) Regular Wire of Net debug_pc[13] & Pin of Cell Program_Counter_pc_reg[13]  ( Metal1 )
Bounds : ( 39.525, 12.390 ) ( 39.730, 12.415 )


SPACING: ( ParallelRunLength Spacing ) Regular Wire of Net debug_next_pc[14] & Pin of Cell g117981__4733  ( Metal1 )
Bounds : ( 35.080, 12.475 ) ( 35.160, 12.510 )


MAR: ( Minimum Area ) Regular Wire of Net n_93  ( Metal2 )
Bounds : ( 19.635, 24.950 ) ( 19.765, 25.020 )


MAR: ( Minimum Area ) Regular Wire of Net n_89  ( Metal2 )
Bounds : ( 20.635, 21.150 ) ( 20.765, 21.220 )


MAR: ( Minimum Area ) Regular Wire of Net debug_pc[20]  ( Metal2 )
Bounds : ( 21.835, 22.670 ) ( 21.965, 22.740 )


MAR: ( Minimum Area ) Regular Wire of Net n_80  ( Metal2 )
Bounds : ( 22.035, 24.760 ) ( 22.165, 24.830 )


MAR: ( Minimum Area ) Regular Wire of Net reset  ( Metal2 )
Bounds : ( 23.035, 21.340 ) ( 23.165, 21.410 )


MAR: ( Minimum Area ) Regular Wire of Net clk  ( Metal2 )
Bounds : ( 25.435, 21.150 ) ( 25.565, 21.220 )


MAR: ( Minimum Area ) Regular Wire of Net n_89  ( Metal3 )
Bounds : ( 20.635, 21.150 ) ( 20.765, 21.220 )


MAR: ( Minimum Area ) Regular Wire of Net n_80  ( Metal3 )
Bounds : ( 22.035, 24.760 ) ( 22.165, 24.830 )


MINHOLE: ( MinHole ) Regular Wire of Net n_157  ( Metal1 )
Bounds : ( 20.160, 21.595 ) ( 20.555, 21.655 )


SHORT: ( Metal Short ) Regular Wire of Net debug_next_pc[20] & Pin of Cell g117955__5526  ( Metal1 )
Bounds : ( 19.435, 21.345 ) ( 19.565, 21.405 )


SHORT: ( Metal Short ) Regular Wire of Net clk & Pin of Cell Program_Counter_pc_reg[20]  ( Metal1 )
Bounds : ( 19.435, 22.865 ) ( 19.765, 22.910 )


SHORT: ( Metal Short ) Regular Wire of Net clk & Regular Wire of Net n_141  ( Metal1 )
Bounds : ( 19.435, 22.865 ) ( 19.565, 22.925 )


SHORT: ( Metal Short ) Regular Wire of Net clk & Pin of Cell Program_Counter_pc_reg[20]  ( Metal1 )
Bounds : ( 19.635, 22.860 ) ( 19.765, 22.910 )


SHORT: ( Metal Short ) Regular Wire of Net n_90 & Regular Wire of Net debug_pc[20]  ( Metal1 )
Bounds : ( 19.835, 21.345 ) ( 19.965, 21.405 )


SHORT: ( Metal Short ) Regular Wire of Net n_90 & Pin of Cell g117955__5526  ( Metal1 )
Bounds : ( 20.100, 21.345 ) ( 20.160, 21.405 )


SHORT: ( Metal Short ) Regular Wire of Net n_157 & Pin of Cell g117955__5526  ( Metal1 )
Bounds : ( 20.260, 21.535 ) ( 20.455, 21.555 )


SHORT: ( Metal Short ) Regular Wire of Net n_64 & Pin of Cell Program_Counter_pc_reg[16]  ( Metal1 )
Bounds : ( 23.835, 19.250 ) ( 23.905, 19.250 )


SHORT: ( Metal Short ) Regular Wire of Net debug_pc[16] & Pin of Cell Program_Counter_pc_reg[16]  ( Metal1 )
Bounds : ( 24.235, 19.255 ) ( 24.365, 19.315 )


SHORT: ( Metal Short ) Regular Wire of Net debug_pc[20] & Regular Wire of Net n_141  ( Metal2 )
Bounds : ( 21.865, 22.640 ) ( 21.935, 22.770 )


SHORT: ( Metal Short ) Regular Wire of Net n_89 & Regular Wire of Net clk  ( Metal3 )
Bounds : ( 20.635, 21.150 ) ( 20.765, 21.220 )


SPACING: ( ParallelRunLength Spacing ) Regular Wire of Net n_157 & Pin of Cell g117955__5526  ( Metal1 )
Bounds : ( 19.860, 21.505 ) ( 19.940, 21.535 )


SPACING: ( ParallelRunLength Spacing ) Regular Wire of Net debug_pc[20] & Pin of Cell Program_Counter_pc_reg[20]  ( Metal1 )
Bounds : ( 21.835, 22.650 ) ( 21.965, 22.670 )


SPACING: ( ParallelRunLength Spacing ) Regular Wire of Net n_64 & Pin of Cell Program_Counter_pc_reg[16]  ( Metal1 )
Bounds : ( 24.125, 19.230 ) ( 24.715, 19.255 )


MAR: ( Minimum Area ) Regular Wire of Net n_156  ( Metal2 )
Bounds : ( 13.035, 19.060 ) ( 13.165, 19.130 )


MAR: ( Minimum Area ) Regular Wire of Net n_89  ( Metal2 )
Bounds : ( 14.835, 19.440 ) ( 14.965, 19.510 )


MAR: ( Minimum Area ) Regular Wire of Net n_81  ( Metal2 )
Bounds : ( 15.635, 19.440 ) ( 15.765, 19.510 )


MAR: ( Minimum Area ) Regular Wire of Net clk  ( Metal2 )
Bounds : ( 17.635, 22.860 ) ( 17.765, 22.930 )


MAR: ( Minimum Area ) Regular Wire of Net debug_next_pc[20]  ( Metal2 )
Bounds : ( 18.435, 22.860 ) ( 18.565, 22.930 )


MAR: ( Minimum Area ) Regular Wire of Net reset  ( Metal2 )
Bounds : ( 19.035, 21.340 ) ( 19.165, 21.410 )


MAR: ( Minimum Area ) Regular Wire of Net n_156  ( Metal3 )
Bounds : ( 13.035, 19.060 ) ( 13.165, 19.130 )


MAR: ( Minimum Area ) Regular Wire of Net n_81  ( Metal3 )
Bounds : ( 15.635, 19.440 ) ( 15.765, 19.510 )


MAR: ( Minimum Area ) Regular Wire of Net debug_next_pc[20]  ( Metal3 )
Bounds : ( 18.435, 22.860 ) ( 18.565, 22.930 )


SHORT: ( Metal Short ) Regular Wire of Net n_100 & Pin of Cell g117950__5477  ( Metal1 )
Bounds : ( 13.260, 21.155 ) ( 13.340, 21.215 )


SHORT: ( Metal Short ) Regular Wire of Net n_100 & Pin of Cell g117950__5477  ( Metal1 )
Bounds : ( 13.500, 21.155 ) ( 13.560, 21.215 )


SHORT: ( Metal Short ) Regular Wire of Net n_89 & Pin of Cell g118170  ( Metal1 )
Bounds : ( 14.235, 19.440 ) ( 14.365, 19.510 )


SHORT: ( Metal Short ) Regular Wire of Net n_89 & Pin of Cell g118170  ( Metal1 )
Bounds : ( 14.235, 19.445 ) ( 14.495, 19.505 )


SHORT: ( Metal Short ) Regular Wire of Net n_82 & Regular Wire of Net debug_pc[21]  ( Metal1 )
Bounds : ( 14.235, 22.675 ) ( 14.365, 22.735 )


SHORT: ( Metal Short ) Regular Wire of Net clk & Pin of Cell Program_Counter_pc_reg[20]  ( Metal1 )
Bounds : ( 18.435, 22.865 ) ( 18.625, 22.905 )


SHORT: ( Metal Short ) Regular Wire of Net clk & Regular Wire of Net debug_next_pc[20]  ( Metal1 )
Bounds : ( 18.435, 22.865 ) ( 18.565, 22.925 )


SHORT: ( Metal Short ) Regular Wire of Net n_90 & Pin of Cell g117952__2398  ( Metal1 )
Bounds : ( 19.260, 21.410 ) ( 19.365, 21.410 )


SHORT: ( Metal Short ) Regular Wire of Net n_157 & Pin of Cell g117952__2398  ( Metal1 )
Bounds : ( 19.260, 21.535 ) ( 19.320, 21.550 )


SHORT: ( Metal Short ) Regular Wire of Net n_156 & Regular Wire of Net n_155  ( Metal2 )
Bounds : ( 13.065, 19.030 ) ( 13.135, 19.160 )


SHORT: ( Metal Short ) Regular Wire of Net n_81 & Regular Wire of Net n_89  ( Metal3 )
Bounds : ( 15.635, 19.440 ) ( 15.765, 19.510 )


SPACING: ( ParallelRunLength Spacing ) Regular Wire of Net n_156 & Pin of Cell g118170  ( Metal1 )
Bounds : ( 13.140, 19.130 ) ( 13.165, 19.175 )


SPACING: ( ParallelRunLength Spacing ) Regular Wire of Net n_155 & Pin of Cell g117950__5477  ( Metal1 )
Bounds : ( 13.260, 21.505 ) ( 13.340, 21.530 )


SPACING: ( ParallelRunLength Spacing ) Regular Wire of Net n_82 & Pin of Cell Program_Counter_pc_reg[21]  ( Metal1 )
Bounds : ( 14.125, 22.650 ) ( 14.715, 22.675 )


SPACING: ( ParallelRunLength Spacing ) Regular Wire of Net n_90 & Pin of Cell g117952__2398  ( Metal1 )
Bounds : ( 19.280, 21.310 ) ( 19.360, 21.340 )


SPACING: ( ParallelRunLength Spacing ) Regular Wire of Net n_90 & Regular Wire of Net debug_next_pc[20]  ( Metal1 )
Bounds : ( 19.365, 21.405 ) ( 19.435, 21.410 )


MAR: ( Minimum Area ) Regular Wire of Net n_159  ( Metal2 )
Bounds : ( 19.435, 15.640 ) ( 19.565, 15.710 )


MAR: ( Minimum Area ) Regular Wire of Net n_158  ( Metal2 )
Bounds : ( 22.035, 14.690 ) ( 22.165, 14.760 )


MAR: ( Minimum Area ) Regular Wire of Net clk  ( Metal2 )
Bounds : ( 25.635, 12.600 ) ( 25.765, 12.670 )


MAR: ( Minimum Area ) Regular Wire of Net n_163  ( Metal2 )
Bounds : ( 25.635, 14.500 ) ( 25.765, 14.570 )


SHORT: ( Metal Short ) Regular Wire of Net n_83 & Pin of Cell g118173  ( Metal1 )
Bounds : ( 20.235, 16.025 ) ( 20.295, 16.085 )


SHORT: ( Metal Short ) Regular Wire of Net n_74 & Pin of Cell g117967__1705  ( Metal1 )
Bounds : ( 20.260, 12.605 ) ( 20.320, 12.665 )


SHORT: ( Metal Short ) Regular Wire of Net n_74 & Pin of Cell g117970__6131  ( Metal1 )
Bounds : ( 20.660, 12.605 ) ( 20.740, 12.665 )


SHORT: ( Metal Short ) Regular Wire of Net n_74 & Pin of Cell g117970__6131  ( Metal1 )
Bounds : ( 20.900, 12.605 ) ( 20.960, 12.665 )


SHORT: ( Metal Short ) Regular Wire of Net n_73 & Pin of Cell g118172  ( Metal1 )
Bounds : ( 21.405, 14.315 ) ( 21.485, 14.375 )


SHORT: ( Metal Short ) Regular Wire of Net n_73 & Pin of Cell g118172  ( Metal1 )
Bounds : ( 21.435, 14.310 ) ( 21.485, 14.380 )


SHORT: ( Metal Short ) Regular Wire of Net n_73 & Pin of Cell g118172  ( Metal1 )
Bounds : ( 22.835, 14.315 ) ( 22.895, 14.375 )


SHORT: ( Metal Short ) Regular Wire of Net debug_pc[16] & Pin of Cell g117975__9315  ( Metal1 )
Bounds : ( 23.100, 17.925 ) ( 23.160, 17.985 )


SHORT: ( Metal Short ) Regular Wire of Net debug_pc[16] & Regular Wire of Net n_63  ( Metal1 )
Bounds : ( 23.235, 17.925 ) ( 23.365, 17.985 )


SHORT: ( Metal Short ) Regular Wire of Net debug_pc[16] & Pin of Cell g117975__9315  ( Metal1 )
Bounds : ( 23.430, 17.925 ) ( 23.965, 17.975 )


SHORT: ( Metal Short ) Regular Wire of Net debug_pc[16] & Pin of Cell g117975__9315  ( Metal1 )
Bounds : ( 23.555, 17.925 ) ( 23.615, 17.985 )


SHORT: ( Metal Short ) Regular Wire of Net debug_pc[16] & Pin of Cell g117975__9315  ( Metal1 )
Bounds : ( 23.760, 17.925 ) ( 23.965, 17.985 )


SHORT: ( Metal Short ) Regular Wire of Net n_83 & Regular Wire of Net n_159  ( Metal2 )
Bounds : ( 19.465, 15.610 ) ( 19.535, 15.740 )


SHORT: ( Metal Short ) Regular Wire of Net n_73 & Regular Wire of Net n_161  ( Metal2 )
Bounds : ( 21.265, 14.280 ) ( 21.335, 14.600 )


SPACING: ( ParallelRunLength Spacing ) Regular Wire of Net n_159 & Pin of Cell g118173  ( Metal1 )
Bounds : ( 19.540, 15.710 ) ( 19.565, 15.755 )


SPACING: ( ParallelRunLength Spacing ) Regular Wire of Net n_73  ( Metal1 )
Bounds : ( 21.365, 14.310 ) ( 21.405, 14.380 )


SPACING: ( ParallelRunLength Spacing ) Regular Wire of Net n_158 & Pin of Cell g118172  ( Metal1 )
Bounds : ( 22.140, 14.645 ) ( 22.165, 14.690 )


SPACING: ( ParallelRunLength Spacing ) Regular Wire of Net n_162 & Pin of Cell g117975__9315  ( Metal1 )
Bounds : ( 23.160, 18.180 ) ( 23.165, 18.235 )


MAR: ( Minimum Area ) Regular Wire of Net debug_next_pc[19]  ( Metal2 )
Bounds : ( 13.235, 15.830 ) ( 13.365, 15.900 )


MAR: ( Minimum Area ) Regular Wire of Net n_160  ( Metal2 )
Bounds : ( 16.835, 14.500 ) ( 16.965, 14.570 )


MAR: ( Minimum Area ) Regular Wire of Net n_162  ( Metal2 )
Bounds : ( 18.635, 15.830 ) ( 18.765, 15.900 )


SHORT: ( Metal Short ) Regular Wire of Net n_77 & Pin of Cell g117957__1617  ( Metal1 )
Bounds : ( 13.060, 15.830 ) ( 13.165, 15.830 )


SHORT: ( Metal Short ) Regular Wire of Net n_77 & Regular Wire of Net debug_next_pc[19]  ( Metal1 )
Bounds : ( 13.235, 15.835 ) ( 13.365, 15.895 )


SHORT: ( Metal Short ) Regular Wire of Net n_84 & Pin of Cell g117962__8428  ( Metal1 )
Bounds : ( 13.460, 12.605 ) ( 13.520, 12.665 )


SHORT: ( Metal Short ) Regular Wire of Net n_77 & Pin of Cell g117960__8246  ( Metal1 )
Bounds : ( 13.660, 15.835 ) ( 14.130, 15.895 )


SHORT: ( Metal Short ) Regular Wire of Net n_84 & Pin of Cell g117965__3680  ( Metal1 )
Bounds : ( 13.860, 12.605 ) ( 13.940, 12.665 )


SHORT: ( Metal Short ) Regular Wire of Net debug_pc[19] & Pin of Cell Program_Counter_pc_reg[19]  ( Metal1 )
Bounds : ( 14.035, 14.570 ) ( 14.105, 14.570 )


SHORT: ( Metal Short ) Regular Wire of Net debug_pc[19] & Pin of Cell g117960__8246  ( Metal1 )
Bounds : ( 14.060, 15.830 ) ( 14.120, 15.900 )


SHORT: ( Metal Short ) Regular Wire of Net n_84 & Pin of Cell g117965__3680  ( Metal1 )
Bounds : ( 14.100, 12.605 ) ( 14.160, 12.665 )


NSMETAL: ( Non-sufficient Metal Overlap ) Regular Wire of Net n_155  ( Metal1 )
Bounds : ( 13.280, 18.115 ) ( 13.330, 18.145 )


SPACING: ( ParallelRunLength Spacing ) Regular Wire of Net n_77 & Pin of Cell g117957__1617  ( Metal1 )
Bounds : ( 13.080, 15.900 ) ( 13.160, 15.930 )


SPACING: ( ParallelRunLength Spacing ) Regular Wire of Net n_77  ( Metal1 )
Bounds : ( 13.165, 15.830 ) ( 13.235, 15.835 )


SPACING: ( ParallelRunLength Spacing ) Regular Wire of Net n_159 & Pin of Cell g117960__8246  ( Metal1 )
Bounds : ( 13.960, 15.585 ) ( 13.965, 15.640 )


SPACING: ( ParallelRunLength Spacing ) Regular Wire of Net debug_pc[19] & Pin of Cell Program_Counter_pc_reg[19]  ( Metal1 )
Bounds : ( 14.325, 14.565 ) ( 14.530, 14.590 )


SPACING: ( ParallelRunLength Spacing ) Regular Wire of Net n_157 & Pin of Cell g118171  ( Metal1 )
Bounds : ( 17.740, 14.645 ) ( 17.765, 14.690 )


MAR: ( Minimum Area ) Regular Wire of Net debug_next_pc[21]  ( Metal2 )
Bounds : ( 10.835, 22.860 ) ( 10.965, 22.930 )


MAR: ( Minimum Area ) Regular Wire of Net debug_next_pc[19]  ( Metal2 )
Bounds : ( 11.035, 14.310 ) ( 11.165, 14.380 )


MAR: ( Minimum Area ) Regular Wire of Net debug_next_pc[21]  ( Metal3 )
Bounds : ( 10.835, 22.860 ) ( 10.965, 22.930 )


MAR: ( Minimum Area ) Regular Wire of Net debug_next_pc[19]  ( Metal3 )
Bounds : ( 11.035, 14.310 ) ( 11.165, 14.380 )


SHORT: ( Metal Short ) Regular Wire of Net debug_pc[21] & Pin of Cell g117946__9945  ( Metal1 )
Bounds : ( 12.660, 21.410 ) ( 12.765, 21.410 )


SHORT: ( Metal Short ) Regular Wire of Net n_100 & Pin of Cell g117946__9945  ( Metal1 )
Bounds : ( 12.860, 21.155 ) ( 12.920, 21.215 )


SHORT: ( Metal Short ) Regular Wire of Net debug_next_pc[21] & Regular Wire of Net reset  ( Metal2 )
Bounds : ( 12.865, 21.310 ) ( 12.935, 21.440 )


SHORT: ( Metal Short ) Regular Wire of Net clk & Regular Wire of Net debug_next_pc[21]  ( Metal3 )
Bounds : ( 10.835, 22.860 ) ( 10.965, 22.930 )


SPACING: ( ParallelRunLength Spacing ) Regular Wire of Net debug_pc[21] & Pin of Cell g117946__9945  ( Metal1 )
Bounds : ( 12.680, 21.310 ) ( 12.760, 21.340 )


SPACING: ( ParallelRunLength Spacing ) Regular Wire of Net debug_next_pc[21] & Regular Wire of Net debug_pc[21]  ( Metal1 )
Bounds : ( 12.765, 21.405 ) ( 12.835, 21.410 )


SHORT: ( Metal Short ) Regular Wire of Net debug_pc[21] & Regular Wire of Net debug_next_pc[21]  ( Metal1 )
Bounds : ( 12.835, 21.345 ) ( 12.965, 21.405 )


MAR: ( Minimum Area ) Regular Wire of Net reset  ( Metal2 )
Bounds : ( 13.035, 12.410 ) ( 13.165, 12.480 )


MAR: ( Minimum Area ) Regular Wire of Net debug_next_pc[18]  ( Metal2 )
Bounds : ( 13.435, 12.410 ) ( 13.565, 12.480 )


MAR: ( Minimum Area ) Regular Wire of Net n_141  ( Metal2 )
Bounds : ( 19.635, 10.890 ) ( 19.765, 10.960 )


MAR: ( Minimum Area ) Regular Wire of Net reset  ( Metal2 )
Bounds : ( 19.835, 12.410 ) ( 19.965, 12.480 )


MAR: ( Minimum Area ) Regular Wire of Net n_73  ( Metal2 )
Bounds : ( 22.835, 11.080 ) ( 22.965, 11.150 )


MAR: ( Minimum Area ) Regular Wire of Net debug_next_pc[18]  ( Metal3 )
Bounds : ( 13.435, 12.410 ) ( 13.565, 12.480 )


SHORT: ( Cut Short ) Regular Wire of Net n_84 & Regular Wire of Net debug_pc[18]  ( Via1 )
Bounds : ( 14.265, 12.410 ) ( 14.335, 12.480 )


SHORT: ( Metal Short ) Regular Wire of Net debug_pc[18] & Pin of Cell g117965__3680  ( Metal1 )
Bounds : ( 14.100, 12.415 ) ( 14.160, 12.475 )


SHORT: ( Metal Short ) Regular Wire of Net debug_pc[18] & Pin of Cell Program_Counter_pc_reg[18]  ( Metal1 )
Bounds : ( 14.235, 11.150 ) ( 14.305, 11.150 )


SHORT: ( Metal Short ) Regular Wire of Net debug_pc[18] & Regular Wire of Net n_84  ( Metal1 )
Bounds : ( 14.235, 12.410 ) ( 14.365, 12.480 )


SHORT: ( Metal Short ) Regular Wire of Net debug_pc[17] & Pin of Cell g117970__6131  ( Metal1 )
Bounds : ( 20.900, 12.415 ) ( 20.960, 12.475 )


SHORT: ( Metal Short ) Regular Wire of Net debug_pc[17] & Regular Wire of Net n_74  ( Metal1 )
Bounds : ( 21.035, 12.415 ) ( 21.165, 12.475 )


SHORT: ( Metal Short ) Regular Wire of Net debug_pc[17] & Pin of Cell g117970__6131  ( Metal1 )
Bounds : ( 21.230, 12.425 ) ( 21.765, 12.475 )


SHORT: ( Metal Short ) Regular Wire of Net debug_pc[17] & Pin of Cell g117970__6131  ( Metal1 )
Bounds : ( 21.355, 12.415 ) ( 21.415, 12.475 )


SHORT: ( Metal Short ) Regular Wire of Net debug_pc[17] & Pin of Cell g117970__6131  ( Metal1 )
Bounds : ( 21.560, 12.415 ) ( 21.765, 12.475 )


SHORT: ( Metal Short ) Regular Wire of Net reset & Regular Wire of Net debug_next_pc[18]  ( Metal3 )
Bounds : ( 13.435, 12.410 ) ( 13.565, 12.480 )


SPACING: ( ParallelRunLength Spacing ) Regular Wire of Net n_158 & Pin of Cell g117965__3680  ( Metal1 )
Bounds : ( 13.860, 12.290 ) ( 13.940, 12.315 )


SPACING: ( ParallelRunLength Spacing ) Regular Wire of Net debug_pc[18] & Pin of Cell Program_Counter_pc_reg[18]  ( Metal1 )
Bounds : ( 14.525, 11.145 ) ( 14.730, 11.170 )


SPACING: ( ParallelRunLength Spacing ) Regular Wire of Net n_160 & Pin of Cell g117970__6131  ( Metal1 )
Bounds : ( 20.960, 12.165 ) ( 20.965, 12.220 )


SPACING: ( ParallelRunLength Spacing ) Regular Wire of Net debug_pc[17] & Pin of Cell Program_Counter_pc_reg[17]  ( Metal1 )
Bounds : ( 22.035, 11.150 ) ( 22.165, 11.170 )


SHORT: ( Metal Short ) Regular Wire of Net n_84 & Regular Wire of Net debug_pc[18]  ( Metal2 )
Bounds : ( 14.265, 12.380 ) ( 14.335, 12.510 )


  Total Violations : 582 Viols.
