###############################################################
#  Generated by:      Cadence Innovus 21.15-s110_1
#  OS:                Linux x86_64(Host ID ic312.vit.ac.in)
#  Generated on:      Fri Feb 27 16:32:24 2026
#  Design:            RISC_V
#  Command:           verifyConnectivity -type all -geomConnect -noSoftPGConnect -error 1000 -warning 50
###############################################################
Verify Connectivity Report is created on Fri Feb 27 16:32:24 2026



Net VDD, Pin Pin: Program_Counter_pc_reg[31]/VDD; Direction: INOUT; Use: POWER;: has an unconnected terminal at (26.800, 34.010) (32.400, 34.070)
Net VDD, Pin Pin: g117908__5526/VDD; Direction: INOUT; Use: POWER;: has an unconnected terminal at (22.800, 40.790) (23.600, 40.850)
Net VDD, Pin Pin: g117919__5122/VDD; Direction: INOUT; Use: POWER;: has an unconnected terminal at (18.400, 40.790) (19.200, 40.850)
Net VDD, Pin Pin: g117945__6260/VDD; Direction: INOUT; Use: POWER;: has an unconnected terminal at (16.400, 27.170) (18.000, 27.230)
Net VDD, Pin Pin: Program_Counter_pc_reg[26]/VDD; Direction: INOUT; Use: POWER;: has an unconnected terminal at (10.000, 40.790) (16.400, 40.850)
Net VDD, Pin Pin: Program_Counter_pc_reg[18]/VDD; Direction: INOUT; Use: POWER;: has an unconnected terminal at (10.400, 10.070) (16.800, 10.130)
Net VDD, Pin Pin: Program_Counter_pc_reg[14]/VDD; Direction: INOUT; Use: POWER;: has an unconnected terminal at (33.200, 10.070) (39.600, 10.130)
Net VDD, Pin Pin: Program_Counter_pc_reg[3]/VDD; Direction: INOUT; Use: POWER;: has an unconnected terminal at (35.000, 40.790) (41.400, 40.850)
Net VDD, Pin Pin: Program_Counter_pc_reg[17]/VDD; Direction: INOUT; Use: POWER;: has an unconnected terminal at (17.800, 10.070) (24.200, 10.130)
Net VDD, Pin Pin: g118176/VDD; Direction: INOUT; Use: POWER;: has an unconnected terminal at (27.600, 16.850) (32.000, 16.910)
Net VDD: has special routes with opens at (6.000, 6.070) (45.800, 44.850)
Net VDD: has regular routing with opens at (35.400, 33.950) (41.800, 34.070)
Net VDD: has regular routing with opens at (34.800, 30.530) (41.800, 30.650)
Net VDD: has regular routing with opens at (18.800, 20.270) (41.800, 20.390)
Net VDD: has regular routing with opens at (33.200, 16.850) (41.800, 16.970)
Net VDD: has regular routing with opens at (16.800, 13.430) (41.800, 13.550)
Net VDD: has regular routing with opens at (18.600, 16.850) (24.200, 16.970)
Net VDD: has regular routing with opens at (12.200, 20.270) (16.600, 20.390)
Net VDD: has regular routing with opens at (12.400, 16.850) (16.800, 16.970)
Net VDD: has regular routing with opens at (10.000, 30.530) (34.000, 30.650)
Net VDD: has regular routing with opens at (11.200, 37.370) (41.400, 37.490)
Net VDD: has regular routing with opens at (18.800, 33.950) (25.200, 34.070)
Net VDD: has regular routing with opens at (10.200, 13.430) (16.600, 13.550)
Net VDD: has regular routing with opens at (35.400, 23.690) (41.800, 23.810)
Net VDD: has regular routing with opens at (26.600, 27.110) (40.600, 27.230)
Net VDD: has regular routing with opens at (19.000, 27.110) (25.400, 27.230)
Net VDD: has regular routing with opens at (17.600, 23.690) (24.000, 23.810)
Net VDD: has regular routing with opens at (10.000, 33.950) (16.400, 34.070)
Net VDD: has regular routing with opens at (10.000, 23.690) (16.400, 23.810)
Net VDD: has regular routing with opens at (26.400, 23.690) (35.000, 23.810)
Net VDD: has regular routing with opens at (27.200, 10.070) (29.600, 10.130)
Net VDD: has regular routing with opens at (11.400, 27.110) (16.000, 27.230)
Net VDD: has regular routing with opens at (27.600, 40.790) (30.000, 40.850)
Net VSS, Pin Pin: Program_Counter_pc_reg[7]/VSS; Direction: INOUT; Use: GROUND;: has an unconnected terminal at (27.600, 32.240) (34.000, 32.300)
Net VSS: has special routes with opens at (3.000, 3.070) (48.800, 47.850)
Net VSS: has regular routing with opens at (34.800, 32.240) (41.200, 32.360)
Net VSS: has regular routing with opens at (29.000, 18.560) (40.200, 18.680)
Net VSS: has regular routing with opens at (16.800, 15.140) (41.800, 15.260)
Net VSS: has regular routing with opens at (12.200, 18.560) (16.800, 18.680)
Net VSS: has regular routing with opens at (11.200, 28.820) (41.800, 28.940)
Net VSS: has regular routing with opens at (10.000, 35.660) (41.800, 35.780)
Net VSS: has regular routing with opens at (10.000, 39.080) (32.000, 39.200)
Net VSS: has regular routing with opens at (33.200, 11.720) (41.800, 11.840)
Net VSS: has regular routing with opens at (17.800, 11.720) (24.200, 11.840)
Net VSS: has regular routing with opens at (25.600, 11.720) (32.000, 11.840)
Net VSS: has regular routing with opens at (25.400, 21.980) (35.000, 22.100)
Net VSS: has regular routing with opens at (10.200, 15.140) (16.600, 15.260)
Net VSS: has regular routing with opens at (35.400, 21.980) (41.800, 22.100)
Net VSS: has regular routing with opens at (34.200, 39.080) (41.400, 39.200)
Net VSS: has regular routing with opens at (10.000, 32.240) (16.400, 32.360)
Net VSS: has regular routing with opens at (10.400, 11.720) (16.800, 11.840)
Net VSS: has regular routing with opens at (20.000, 18.560) (26.400, 18.680)
Net VSS: has regular routing with opens at (17.600, 21.980) (24.000, 22.100)
Net VSS: has regular routing with opens at (18.800, 32.240) (25.200, 32.360)
Net VSS: has regular routing with opens at (10.000, 21.980) (16.400, 22.100)
Net VSS: has regular routing with opens at (36.800, 25.400) (39.400, 25.520)
Net VSS: has regular routing with opens at (27.400, 25.400) (34.620, 25.520)
Net VSS: has regular routing with opens at (11.400, 25.400) (16.000, 25.520)
Net VSS: has regular routing with opens at (18.400, 25.400) (23.000, 25.520)

Begin Summary
    11 Problem(s) (IMPVFC-96): Terminal(s) are not connected.
    2 Problem(s) (IMPVFC-200): Special Wires: Pieces of the net are not connected together.
    46 Problem(s) (IMPVFC-92): Pieces of the net are not connected together.
    59 total info(s) created.
End Summary
