###############################################################
#  Generated by:      Cadence Innovus 21.15-s110_1
#  OS:                Linux x86_64(Host ID ic312.vit.ac.in)
#  Generated on:      Fri Feb 27 16:36:50 2026
#  Design:            RISC_V
#  Command:           verifyMetalDensity -report RISC_V.density.rpt
###############################################################

Verify Density report created on Fri Feb 27 16:36:50 2026

###############################################################
# Layer       M1 - Window size      : 51.8um X 50.9um
# Layer       M1 - Window step      : 51.8um X 50.9um
# Layer       M1 - Min Density      : 20%
# Layer       M1 - Pref Density     : 35%
# Layer       M1 - Max Density      : 65%
# Layer       M1 - Ext Density      : 35%
# Layer       M2 - Window size      : 51.8um X 50.9um
# Layer       M2 - Window step      : 51.8um X 50.9um
# Layer       M2 - Min Density      : 20%
# Layer       M2 - Pref Density     : 35%
# Layer       M2 - Max Density      : 65%
# Layer       M2 - Ext Density      : 35%
# Layer       M3 - Window size      : 51.8um X 50.9um
# Layer       M3 - Window step      : 51.8um X 50.9um
# Layer       M3 - Min Density      : 20%
# Layer       M3 - Pref Density     : 35%
# Layer       M3 - Max Density      : 65%
# Layer       M3 - Ext Density      : 35%
# Layer       M4 - Window size      : 51.8um X 50.9um
# Layer       M4 - Window step      : 51.8um X 50.9um
# Layer       M4 - Min Density      : 20%
# Layer       M4 - Pref Density     : 35%
# Layer       M4 - Max Density      : 65%
# Layer       M4 - Ext Density      : 35%
# Layer       M5 - Window size      : 51.8um X 50.9um
# Layer       M5 - Window step      : 51.8um X 50.9um
# Layer       M5 - Min Density      : 20%
# Layer       M5 - Pref Density     : 35%
# Layer       M5 - Max Density      : 65%
# Layer       M5 - Ext Density      : 35%
# Layer       M6 - Window size      : 51.8um X 50.9um
# Layer       M6 - Window step      : 51.8um X 50.9um
# Layer       M6 - Min Density      : 20%
# Layer       M6 - Pref Density     : 35%
# Layer       M6 - Max Density      : 65%
# Layer       M6 - Ext Density      : 35%
# Layer       M7 - Window size      : 51.8um X 50.9um
# Layer       M7 - Window step      : 51.8um X 50.9um
# Layer       M7 - Min Density      : 20%
# Layer       M7 - Pref Density     : 35%
# Layer       M7 - Max Density      : 65%
# Layer       M7 - Ext Density      : 35%
# Layer       M8 - Window size      : 51.8um X 50.9um
# Layer       M8 - Window step      : 51.8um X 50.9um
# Layer       M8 - Min Density      : 20%
# Layer       M8 - Pref Density     : 35%
# Layer       M8 - Max Density      : 65%
# Layer       M8 - Ext Density      : 35%
# Layer       M9 - Window size      : 51.8um X 50.9um
# Layer       M9 - Window step      : 51.8um X 50.9um
# Layer       M9 - Min Density      : 20%
# Layer       M9 - Pref Density     : 35%
# Layer       M9 - Max Density      : 65%
# Layer       M9 - Ext Density      : 35%
###############################################################


    Layer    Density(%)          Window  
***************************************************

      M9        0.00    (0 0) (51.8 50.92)

      M8        0.00    (0 0) (51.8 50.92)

      M7        0.00    (0 0) (51.8 50.92)

      M6       19.01    (0 0) (51.8 50.92)

      M5        1.82    (0 0) (51.8 50.92)

      M4        2.24    (0 0) (51.8 50.92)

      M3        3.24    (0 0) (51.8 50.92)

      M2        3.23    (0 0) (51.8 50.92)

      M1       16.64    (0 0) (51.8 50.92)


A total of 9 density violation(s).
Windows < Min. Density = 9
Windows > Max. Density = 0
Windows < Min. Union. Density = 0
Windows > Max. Union. Density = 0
